<?xml version="1.0" encoding="utf-8"?>
<CoverageSession xmlns:xsd="http://www.w3.org/2001/XMLSchema" xmlns:xsi="http://www.w3.org/2001/XMLSchema-instance" Version="4.7.922.0">
  <Summary numSequencePoints="1586" visitedSequencePoints="552" numBranchPoints="303" visitedBranchPoints="129" sequenceCoverage="34.80" branchCoverage="42.57" maxCyclomaticComplexity="11" minCyclomaticComplexity="1" maxCrapScore="132" minCrapScore="1" visitedClasses="10" numClasses="23" visitedMethods="60" numMethods="130" />
  <Modules>
    <Module hash="9B-C5-B6-22-86-F0-56-45-69-1F-BE-D0-1A-B4-4D-7E-EF-02-C2-FB">
      <Summary numSequencePoints="97" visitedSequencePoints="97" numBranchPoints="7" visitedBranchPoints="7" sequenceCoverage="100" branchCoverage="100" maxCyclomaticComplexity="2" minCyclomaticComplexity="0" maxCrapScore="2" minCrapScore="0" visitedClasses="1" numClasses="1" visitedMethods="7" numMethods="7" />
      <ModulePath>G:\laba11\Laba11\UnitTestProject1\bin\Debug\fine-code-coverage\build-output\UnitTestProject1.dll</ModulePath>
      <ModuleTime>2022-03-20T18:04:22Z</ModuleTime>
      <ModuleName>UnitTestProject1</ModuleName>
      <Files>
        <File uid="1" fullPath="G:\laba11\Laba11\UnitTestProject1\UnitTest1.cs" />
      </Files>
      <Classes>
        <Class>
          <Summary numSequencePoints="97" visitedSequencePoints="97" numBranchPoints="7" visitedBranchPoints="7" sequenceCoverage="100" branchCoverage="100" maxCyclomaticComplexity="2" minCyclomaticComplexity="1" maxCrapScore="2" minCrapScore="1" visitedClasses="1" numClasses="1" visitedMethods="7" numMethods="7" />
          <FullName>UnitTestProject1.UnitTest1</FullName>
          <Methods>
            <Method visited="true" cyclomaticComplexity="2" nPathComplexity="0" sequenceCoverage="100" branchCoverage="100" crapScore="2" isConstructor="false" isStatic="false" isGetter="false" isSetter="false">
              <Summary numSequencePoints="17" visitedSequencePoints="17" numBranchPoints="1" visitedBranchPoints="1" sequenceCoverage="100" branchCoverage="100" maxCyclomaticComplexity="2" minCyclomaticComplexity="2" maxCrapScore="2" minCrapScore="2" visitedClasses="0" numClasses="0" visitedMethods="1" numMethods="1" />
              <MetadataToken>100663297</MetadataToken>
              <Name>System.Void UnitTestProject1.UnitTest1::TestMethod1()</Name>
              <FileRef uid="1" />
              <SequencePoints>
                <SequencePoint vc="1" uspid="1" ordinal="0" offset="0" sl="14" sc="9" el="14" ec="10" bec="0" bev="0" fileid="1" />
                <SequencePoint vc="1" uspid="2" ordinal="1" offset="1" sl="15" sc="13" el="15" ec="75" bec="0" bev="0" fileid="1" />
                <SequencePoint vc="1" uspid="3" ordinal="2" offset="7" sl="16" sc="13" el="16" ec="48" bec="0" bev="0" fileid="1" />
                <SequencePoint vc="1" uspid="4" ordinal="3" offset="25" sl="17" sc="13" el="17" ec="56" bec="0" bev="0" fileid="1" />
                <SequencePoint vc="1" uspid="5" ordinal="4" offset="40" sl="18" sc="13" el="18" ec="57" bec="0" bev="0" fileid="1" />
                <SequencePoint vc="1" uspid="6" ordinal="5" offset="55" sl="19" sc="13" el="19" ec="57" bec="0" bev="0" fileid="1" />
                <SequencePoint vc="1" uspid="7" ordinal="6" offset="70" sl="20" sc="13" el="20" ec="68" bec="0" bev="0" fileid="1" />
                <SequencePoint vc="1" uspid="8" ordinal="7" offset="77" sl="21" sc="13" el="21" ec="27" bec="0" bev="0" fileid="1" />
                <SequencePoint vc="1" uspid="9" ordinal="8" offset="79" sl="22" sc="13" el="22" ec="20" bec="0" bev="0" fileid="1" />
                <SequencePoint vc="1" uspid="10" ordinal="9" offset="80" sl="22" sc="50" el="22" ec="63" bec="0" bev="0" fileid="1" />
                <SequencePoint vc="3" uspid="11" ordinal="10" offset="89" sl="22" sc="21" el="22" ec="46" bec="0" bev="0" fileid="1" />
                <SequencePoint vc="3" uspid="12" ordinal="11" offset="98" sl="23" sc="13" el="23" ec="14" bec="0" bev="0" fileid="1" />
                <SequencePoint vc="3" uspid="13" ordinal="12" offset="99" sl="24" sc="17" el="24" ec="72" bec="0" bev="0" fileid="1" />
                <SequencePoint vc="3" uspid="14" ordinal="13" offset="115" sl="25" sc="17" el="25" ec="25" bec="0" bev="0" fileid="1" />
                <SequencePoint vc="3" uspid="15" ordinal="14" offset="119" sl="26" sc="13" el="26" ec="14" bec="0" bev="0" fileid="1" />
                <SequencePoint vc="4" uspid="16" ordinal="15" offset="120" sl="22" sc="47" el="22" ec="49" bec="0" bev="0" fileid="1" />
                <SequencePoint vc="1" uspid="17" ordinal="16" offset="146" sl="27" sc="9" el="27" ec="10" bec="0" bev="0" fileid="1" />
              </SequencePoints>
              <BranchPoints />
              <MethodPoint xsi:type="SequencePoint" vc="1" uspid="1" ordinal="0" offset="0" sl="14" sc="9" el="14" ec="10" bec="0" bev="0" fileid="1" />
            </Method>
            <Method visited="true" cyclomaticComplexity="1" nPathComplexity="0" sequenceCoverage="100" branchCoverage="100" crapScore="1" isConstructor="false" isStatic="false" isGetter="false" isSetter="false">
              <Summary numSequencePoints="14" visitedSequencePoints="14" numBranchPoints="1" visitedBranchPoints="1" sequenceCoverage="100" branchCoverage="100" maxCyclomaticComplexity="1" minCyclomaticComplexity="1" maxCrapScore="1" minCrapScore="1" visitedClasses="0" numClasses="0" visitedMethods="1" numMethods="1" />
              <MetadataToken>100663298</MetadataToken>
              <Name>System.Void UnitTestProject1.UnitTest1::StackAdd()</Name>
              <FileRef uid="1" />
              <SequencePoints>
                <SequencePoint vc="1" uspid="20" ordinal="0" offset="0" sl="29" sc="9" el="29" ec="10" bec="0" bev="0" fileid="1" />
                <SequencePoint vc="1" uspid="21" ordinal="1" offset="1" sl="30" sc="13" el="30" ec="75" bec="0" bev="0" fileid="1" />
                <SequencePoint vc="1" uspid="22" ordinal="2" offset="7" sl="32" sc="13" el="32" ec="56" bec="0" bev="0" fileid="1" />
                <SequencePoint vc="1" uspid="23" ordinal="3" offset="22" sl="33" sc="13" el="33" ec="57" bec="0" bev="0" fileid="1" />
                <SequencePoint vc="1" uspid="24" ordinal="4" offset="37" sl="34" sc="13" el="34" ec="57" bec="0" bev="0" fileid="1" />
                <SequencePoint vc="1" uspid="25" ordinal="5" offset="52" sl="35" sc="13" el="35" ec="72" bec="0" bev="0" fileid="1" />
                <SequencePoint vc="1" uspid="26" ordinal="6" offset="59" sl="37" sc="13" el="37" ec="69" bec="0" bev="0" fileid="1" />
                <SequencePoint vc="1" uspid="27" ordinal="7" offset="78" sl="38" sc="13" el="38" ec="94" bec="0" bev="0" fileid="1" />
                <SequencePoint vc="1" uspid="28" ordinal="8" offset="93" sl="39" sc="13" el="39" ec="70" bec="0" bev="0" fileid="1" />
                <SequencePoint vc="1" uspid="29" ordinal="9" offset="112" sl="40" sc="13" el="40" ec="102" bec="0" bev="0" fileid="1" />
                <SequencePoint vc="1" uspid="30" ordinal="10" offset="128" sl="41" sc="13" el="41" ec="70" bec="0" bev="0" fileid="1" />
                <SequencePoint vc="1" uspid="31" ordinal="11" offset="147" sl="42" sc="13" el="42" ec="97" bec="0" bev="0" fileid="1" />
                <SequencePoint vc="1" uspid="32" ordinal="12" offset="160" sl="43" sc="13" el="43" ec="73" bec="0" bev="0" fileid="1" />
                <SequencePoint vc="1" uspid="33" ordinal="13" offset="179" sl="45" sc="9" el="45" ec="10" bec="0" bev="0" fileid="1" />
              </SequencePoints>
              <BranchPoints />
              <MethodPoint xsi:type="SequencePoint" vc="1" uspid="20" ordinal="0" offset="0" sl="29" sc="9" el="29" ec="10" bec="0" bev="0" fileid="1" />
            </Method>
            <Method visited="true" cyclomaticComplexity="1" nPathComplexity="0" sequenceCoverage="100" branchCoverage="100" crapScore="1" isConstructor="false" isStatic="false" isGetter="false" isSetter="false">
              <Summary numSequencePoints="10" visitedSequencePoints="10" numBranchPoints="1" visitedBranchPoints="1" sequenceCoverage="100" branchCoverage="100" maxCyclomaticComplexity="1" minCyclomaticComplexity="1" maxCrapScore="1" minCrapScore="1" visitedClasses="0" numClasses="0" visitedMethods="1" numMethods="1" />
              <MetadataToken>100663299</MetadataToken>
              <Name>System.Void UnitTestProject1.UnitTest1::StackFind()</Name>
              <FileRef uid="1" />
              <SequencePoints>
                <SequencePoint vc="1" uspid="34" ordinal="0" offset="0" sl="48" sc="9" el="48" ec="10" bec="0" bev="0" fileid="1" />
                <SequencePoint vc="1" uspid="35" ordinal="1" offset="1" sl="49" sc="13" el="49" ec="75" bec="0" bev="0" fileid="1" />
                <SequencePoint vc="1" uspid="36" ordinal="2" offset="7" sl="51" sc="13" el="51" ec="57" bec="0" bev="0" fileid="1" />
                <SequencePoint vc="1" uspid="37" ordinal="3" offset="22" sl="52" sc="13" el="52" ec="57" bec="0" bev="0" fileid="1" />
                <SequencePoint vc="1" uspid="38" ordinal="4" offset="37" sl="53" sc="13" el="53" ec="64" bec="0" bev="0" fileid="1" />
                <SequencePoint vc="1" uspid="39" ordinal="5" offset="61" sl="54" sc="13" el="54" ec="96" bec="0" bev="0" fileid="1" />
                <SequencePoint vc="1" uspid="40" ordinal="6" offset="79" sl="55" sc="13" el="55" ec="120" bec="0" bev="0" fileid="1" />
                <SequencePoint vc="1" uspid="41" ordinal="7" offset="105" sl="56" sc="13" el="56" ec="122" bec="0" bev="0" fileid="1" />
                <SequencePoint vc="1" uspid="42" ordinal="8" offset="138" sl="57" sc="13" el="57" ec="122" bec="0" bev="0" fileid="1" />
                <SequencePoint vc="1" uspid="43" ordinal="9" offset="167" sl="59" sc="9" el="59" ec="10" bec="0" bev="0" fileid="1" />
              </SequencePoints>
              <BranchPoints />
              <MethodPoint xsi:type="SequencePoint" vc="1" uspid="34" ordinal="0" offset="0" sl="48" sc="9" el="48" ec="10" bec="0" bev="0" fileid="1" />
            </Method>
            <Method visited="true" cyclomaticComplexity="2" nPathComplexity="0" sequenceCoverage="100" branchCoverage="100" crapScore="2" isConstructor="false" isStatic="false" isGetter="false" isSetter="false">
              <Summary numSequencePoints="20" visitedSequencePoints="20" numBranchPoints="1" visitedBranchPoints="1" sequenceCoverage="100" branchCoverage="100" maxCyclomaticComplexity="2" minCyclomaticComplexity="2" maxCrapScore="2" minCrapScore="2" visitedClasses="0" numClasses="0" visitedMethods="1" numMethods="1" />
              <MetadataToken>100663300</MetadataToken>
              <Name>System.Void UnitTestProject1.UnitTest1::DictSort()</Name>
              <FileRef uid="1" />
              <SequencePoints>
                <SequencePoint vc="1" uspid="44" ordinal="0" offset="0" sl="62" sc="9" el="62" ec="10" bec="0" bev="0" fileid="1" />
                <SequencePoint vc="1" uspid="45" ordinal="1" offset="1" sl="63" sc="13" el="63" ec="100" bec="0" bev="0" fileid="1" />
                <SequencePoint vc="1" uspid="46" ordinal="2" offset="7" sl="64" sc="13" el="64" ec="64" bec="0" bev="0" fileid="1" />
                <SequencePoint vc="1" uspid="47" ordinal="3" offset="16" sl="65" sc="13" el="65" ec="70" bec="0" bev="0" fileid="1" />
                <SequencePoint vc="1" uspid="48" ordinal="4" offset="30" sl="66" sc="13" el="66" ec="52" bec="0" bev="0" fileid="1" />
                <SequencePoint vc="1" uspid="49" ordinal="5" offset="39" sl="67" sc="13" el="67" ec="70" bec="0" bev="0" fileid="1" />
                <SequencePoint vc="1" uspid="50" ordinal="6" offset="53" sl="68" sc="13" el="68" ec="52" bec="0" bev="0" fileid="1" />
                <SequencePoint vc="1" uspid="51" ordinal="7" offset="62" sl="69" sc="13" el="69" ec="70" bec="0" bev="0" fileid="1" />
                <SequencePoint vc="1" uspid="52" ordinal="8" offset="76" sl="70" sc="13" el="70" ec="72" bec="0" bev="0" fileid="1" />
                <SequencePoint vc="1" uspid="53" ordinal="9" offset="83" sl="71" sc="13" el="71" ec="27" bec="0" bev="0" fileid="1" />
                <SequencePoint vc="1" uspid="54" ordinal="10" offset="85" sl="72" sc="13" el="72" ec="48" bec="0" bev="0" fileid="1" />
                <SequencePoint vc="1" uspid="55" ordinal="11" offset="103" sl="73" sc="13" el="73" ec="20" bec="0" bev="0" fileid="1" />
                <SequencePoint vc="1" uspid="56" ordinal="12" offset="104" sl="73" sc="36" el="73" ec="54" bec="0" bev="0" fileid="1" />
                <SequencePoint vc="3" uspid="57" ordinal="13" offset="119" sl="73" sc="22" el="73" ec="32" bec="0" bev="0" fileid="1" />
                <SequencePoint vc="3" uspid="58" ordinal="14" offset="128" sl="74" sc="13" el="74" ec="14" bec="0" bev="0" fileid="1" />
                <SequencePoint vc="3" uspid="59" ordinal="15" offset="129" sl="75" sc="17" el="75" ec="77" bec="0" bev="0" fileid="1" />
                <SequencePoint vc="3" uspid="60" ordinal="16" offset="151" sl="76" sc="17" el="76" ec="25" bec="0" bev="0" fileid="1" />
                <SequencePoint vc="3" uspid="61" ordinal="17" offset="155" sl="77" sc="13" el="77" ec="14" bec="0" bev="0" fileid="1" />
                <SequencePoint vc="4" uspid="62" ordinal="18" offset="156" sl="73" sc="33" el="73" ec="35" bec="0" bev="0" fileid="1" />
                <SequencePoint vc="1" uspid="63" ordinal="19" offset="182" sl="81" sc="9" el="81" ec="10" bec="0" bev="0" fileid="1" />
              </SequencePoints>
              <BranchPoints />
              <MethodPoint xsi:type="SequencePoint" vc="1" uspid="44" ordinal="0" offset="0" sl="62" sc="9" el="62" ec="10" bec="0" bev="0" fileid="1" />
            </Method>
            <Method visited="true" cyclomaticComplexity="1" nPathComplexity="0" sequenceCoverage="100" branchCoverage="100" crapScore="1" isConstructor="false" isStatic="false" isGetter="false" isSetter="false">
              <Summary numSequencePoints="10" visitedSequencePoints="10" numBranchPoints="1" visitedBranchPoints="1" sequenceCoverage="100" branchCoverage="100" maxCyclomaticComplexity="1" minCyclomaticComplexity="1" maxCrapScore="1" minCrapScore="1" visitedClasses="0" numClasses="0" visitedMethods="1" numMethods="1" />
              <MetadataToken>100663301</MetadataToken>
              <Name>System.Void UnitTestProject1.UnitTest1::DictAddDelete()</Name>
              <FileRef uid="1" />
              <SequencePoints>
                <SequencePoint vc="1" uspid="66" ordinal="0" offset="0" sl="84" sc="9" el="84" ec="10" bec="0" bev="0" fileid="1" />
                <SequencePoint vc="1" uspid="67" ordinal="1" offset="1" sl="85" sc="13" el="85" ec="101" bec="0" bev="0" fileid="1" />
                <SequencePoint vc="1" uspid="68" ordinal="2" offset="7" sl="86" sc="13" el="86" ec="60" bec="0" bev="0" fileid="1" />
                <SequencePoint vc="1" uspid="69" ordinal="3" offset="13" sl="87" sc="13" el="87" ec="61" bec="0" bev="0" fileid="1" />
                <SequencePoint vc="1" uspid="70" ordinal="4" offset="19" sl="88" sc="13" el="88" ec="61" bec="0" bev="0" fileid="1" />
                <SequencePoint vc="1" uspid="71" ordinal="5" offset="25" sl="89" sc="13" el="89" ec="72" bec="0" bev="0" fileid="1" />
                <SequencePoint vc="1" uspid="72" ordinal="6" offset="39" sl="90" sc="13" el="90" ec="70" bec="0" bev="0" fileid="1" />
                <SequencePoint vc="1" uspid="73" ordinal="7" offset="53" sl="91" sc="13" el="91" ec="123" bec="0" bev="0" fileid="1" />
                <SequencePoint vc="1" uspid="74" ordinal="8" offset="68" sl="94" sc="13" el="94" ec="52" bec="0" bev="0" fileid="1" />
                <SequencePoint vc="1" uspid="75" ordinal="9" offset="81" sl="95" sc="9" el="95" ec="10" bec="0" bev="0" fileid="1" />
              </SequencePoints>
              <BranchPoints />
              <MethodPoint xsi:type="SequencePoint" vc="1" uspid="66" ordinal="0" offset="0" sl="84" sc="9" el="84" ec="10" bec="0" bev="0" fileid="1" />
            </Method>
            <Method visited="true" cyclomaticComplexity="1" nPathComplexity="0" sequenceCoverage="100" branchCoverage="100" crapScore="1" isConstructor="false" isStatic="false" isGetter="false" isSetter="false">
              <Summary numSequencePoints="13" visitedSequencePoints="13" numBranchPoints="1" visitedBranchPoints="1" sequenceCoverage="100" branchCoverage="100" maxCyclomaticComplexity="1" minCyclomaticComplexity="1" maxCrapScore="1" minCrapScore="1" visitedClasses="0" numClasses="0" visitedMethods="1" numMethods="1" />
              <MetadataToken>100663302</MetadataToken>
              <Name>System.Void UnitTestProject1.UnitTest1::DictFind()</Name>
              <FileRef uid="1" />
              <SequencePoints>
                <SequencePoint vc="1" uspid="76" ordinal="0" offset="0" sl="98" sc="9" el="98" ec="10" bec="0" bev="0" fileid="1" />
                <SequencePoint vc="1" uspid="77" ordinal="1" offset="1" sl="99" sc="13" el="99" ec="101" bec="0" bev="0" fileid="1" />
                <SequencePoint vc="1" uspid="78" ordinal="2" offset="7" sl="100" sc="13" el="100" ec="60" bec="0" bev="0" fileid="1" />
                <SequencePoint vc="1" uspid="79" ordinal="3" offset="13" sl="101" sc="13" el="101" ec="61" bec="0" bev="0" fileid="1" />
                <SequencePoint vc="1" uspid="80" ordinal="4" offset="19" sl="102" sc="13" el="102" ec="75" bec="0" bev="0" fileid="1" />
                <SequencePoint vc="1" uspid="81" ordinal="5" offset="37" sl="103" sc="13" el="103" ec="72" bec="0" bev="0" fileid="1" />
                <SequencePoint vc="1" uspid="82" ordinal="6" offset="51" sl="104" sc="13" el="104" ec="70" bec="0" bev="0" fileid="1" />
                <SequencePoint vc="1" uspid="83" ordinal="7" offset="65" sl="105" sc="13" el="105" ec="123" bec="0" bev="0" fileid="1" />
                <SequencePoint vc="1" uspid="84" ordinal="8" offset="80" sl="107" sc="13" el="107" ec="101" bec="0" bev="0" fileid="1" />
                <SequencePoint vc="1" uspid="85" ordinal="9" offset="98" sl="108" sc="13" el="108" ec="125" bec="0" bev="0" fileid="1" />
                <SequencePoint vc="1" uspid="86" ordinal="10" offset="124" sl="109" sc="13" el="109" ec="163" bec="0" bev="0" fileid="1" />
                <SequencePoint vc="1" uspid="87" ordinal="11" offset="169" sl="110" sc="13" el="110" ec="184" bec="0" bev="0" fileid="1" />
                <SequencePoint vc="1" uspid="88" ordinal="12" offset="216" sl="112" sc="9" el="112" ec="10" bec="0" bev="0" fileid="1" />
              </SequencePoints>
              <BranchPoints />
              <MethodPoint xsi:type="SequencePoint" vc="1" uspid="76" ordinal="0" offset="0" sl="98" sc="9" el="98" ec="10" bec="0" bev="0" fileid="1" />
            </Method>
            <Method visited="true" cyclomaticComplexity="1" nPathComplexity="0" sequenceCoverage="100" branchCoverage="100" crapScore="1" isConstructor="false" isStatic="false" isGetter="false" isSetter="false">
              <Summary numSequencePoints="13" visitedSequencePoints="13" numBranchPoints="1" visitedBranchPoints="1" sequenceCoverage="100" branchCoverage="100" maxCyclomaticComplexity="1" minCyclomaticComplexity="1" maxCrapScore="1" minCrapScore="1" visitedClasses="0" numClasses="0" visitedMethods="1" numMethods="1" />
              <MetadataToken>100663303</MetadataToken>
              <Name>System.Void UnitTestProject1.UnitTest1::TestCollections()</Name>
              <FileRef uid="1" />
              <SequencePoints>
                <SequencePoint vc="1" uspid="89" ordinal="0" offset="0" sl="115" sc="9" el="115" ec="10" bec="0" bev="0" fileid="1" />
                <SequencePoint vc="1" uspid="90" ordinal="1" offset="1" sl="117" sc="13" el="117" ec="58" bec="0" bev="0" fileid="1" />
                <SequencePoint vc="1" uspid="91" ordinal="2" offset="7" sl="118" sc="13" el="118" ec="53" bec="0" bev="0" fileid="1" />
                <SequencePoint vc="1" uspid="92" ordinal="3" offset="29" sl="119" sc="13" el="119" ec="40" bec="0" bev="0" fileid="1" />
                <SequencePoint vc="1" uspid="93" ordinal="4" offset="42" sl="120" sc="13" el="120" ec="53" bec="0" bev="0" fileid="1" />
                <SequencePoint vc="1" uspid="94" ordinal="5" offset="64" sl="121" sc="13" el="121" ec="28" bec="0" bev="0" fileid="1" />
                <SequencePoint vc="1" uspid="95" ordinal="6" offset="72" sl="122" sc="13" el="122" ec="53" bec="0" bev="0" fileid="1" />
                <SequencePoint vc="1" uspid="96" ordinal="7" offset="94" sl="123" sc="13" el="123" ec="77" bec="0" bev="0" fileid="1" />
                <SequencePoint vc="1" uspid="97" ordinal="8" offset="118" sl="124" sc="13" el="124" ec="91" bec="0" bev="0" fileid="1" />
                <SequencePoint vc="1" uspid="98" ordinal="9" offset="147" sl="126" sc="13" el="126" ec="95" bec="0" bev="0" fileid="1" />
                <SequencePoint vc="1" uspid="99" ordinal="10" offset="176" sl="127" sc="13" el="127" ec="87" bec="0" bev="0" fileid="1" />
                <SequencePoint vc="1" uspid="100" ordinal="11" offset="200" sl="128" sc="13" el="128" ec="101" bec="0" bev="0" fileid="1" />
                <SequencePoint vc="1" uspid="101" ordinal="12" offset="229" sl="129" sc="9" el="129" ec="10" bec="0" bev="0" fileid="1" />
              </SequencePoints>
              <BranchPoints />
              <MethodPoint xsi:type="SequencePoint" vc="1" uspid="89" ordinal="0" offset="0" sl="115" sc="9" el="115" ec="10" bec="0" bev="0" fileid="1" />
            </Method>
            <Method visited="false" cyclomaticComplexity="1" nPathComplexity="0" sequenceCoverage="0" branchCoverage="0" crapScore="2" isConstructor="true" isStatic="false" isGetter="false" isSetter="false">
              <Summary numSequencePoints="0" visitedSequencePoints="0" numBranchPoints="0" visitedBranchPoints="0" sequenceCoverage="0" branchCoverage="0" maxCyclomaticComplexity="1" minCyclomaticComplexity="1" maxCrapScore="2" minCrapScore="2" visitedClasses="0" numClasses="0" visitedMethods="0" numMethods="0" />
              <MetadataToken>100663304</MetadataToken>
              <Name>System.Void UnitTestProject1.UnitTest1::.ctor()</Name>
              <SequencePoints />
              <BranchPoints />
              <MethodPoint vc="0" uspid="102" ordinal="0" offset="0" />
            </Method>
          </Methods>
        </Class>
      </Classes>
    </Module>
    <Module hash="56-22-6A-93-30-71-2F-31-1A-6C-C7-38-B9-7C-7B-8C-1B-7F-99-C4">
      <Summary numSequencePoints="819" visitedSequencePoints="121" numBranchPoints="188" visitedBranchPoints="42" sequenceCoverage="14.77" branchCoverage="22.34" maxCyclomaticComplexity="11" minCyclomaticComplexity="1" maxCrapScore="132" minCrapScore="1" visitedClasses="5" numClasses="16" visitedMethods="27" numMethods="87" />
      <ModulePath>G:\laba11\Laba11\UnitTestProject1\bin\Debug\fine-code-coverage\build-output\WindowsFormsApplication1.exe</ModulePath>
      <ModuleTime>2022-03-20T17:50:52Z</ModuleTime>
      <ModuleName>WindowsFormsApplication1</ModuleName>
      <Files>
        <File uid="3" fullPath="G:\Lab10\ggg\WindowsFormsApplication1\WindowsFormsApplication1\Factory.cs" />
        <File uid="5" fullPath="G:\Lab10\ggg\WindowsFormsApplication1\WindowsFormsApplication1\Form1.cs" />
        <File uid="6" fullPath="G:\Lab10\ggg\WindowsFormsApplication1\WindowsFormsApplication1\Form1.Designer.cs" />
        <File uid="7" fullPath="G:\Lab10\ggg\WindowsFormsApplication1\WindowsFormsApplication1\InsuranceCompany.cs" />
        <File uid="9" fullPath="G:\Lab10\ggg\WindowsFormsApplication1\WindowsFormsApplication1\Library.cs" />
        <File uid="12" fullPath="G:\Lab10\ggg\WindowsFormsApplication1\WindowsFormsApplication1\Organization.cs" />
        <File uid="16" fullPath="G:\Lab10\ggg\WindowsFormsApplication1\WindowsFormsApplication1\Program.cs" />
        <File uid="17" fullPath="G:\Lab10\ggg\WindowsFormsApplication1\WindowsFormsApplication1\ShipbuildingCompany.cs" />
        <File uid="19" fullPath="G:\Lab10\ggg\WindowsFormsApplication1\WindowsFormsApplication1\TextClass.cs" />
      </Files>
      <Classes>
        <Class>
          <Summary numSequencePoints="5" visitedSequencePoints="0" numBranchPoints="1" visitedBranchPoints="0" sequenceCoverage="0" branchCoverage="0" maxCyclomaticComplexity="1" minCyclomaticComplexity="1" maxCrapScore="2" minCrapScore="2" visitedClasses="0" numClasses="1" visitedMethods="0" numMethods="1" />
          <FullName>WindowsFormsApplication1.MainMachine</FullName>
          <Methods>
            <Method visited="false" cyclomaticComplexity="1" nPathComplexity="0" sequenceCoverage="0" branchCoverage="0" crapScore="2" isConstructor="true" isStatic="false" isGetter="false" isSetter="false">
              <Summary numSequencePoints="5" visitedSequencePoints="0" numBranchPoints="1" visitedBranchPoints="0" sequenceCoverage="0" branchCoverage="0" maxCyclomaticComplexity="1" minCyclomaticComplexity="1" maxCrapScore="2" minCrapScore="2" visitedClasses="0" numClasses="0" visitedMethods="0" numMethods="1" />
              <MetadataToken>100663297</MetadataToken>
              <Name>System.Void WindowsFormsApplication1.MainMachine::.ctor(System.Int32,System.Boolean)</Name>
              <FileRef uid="3" />
              <SequencePoints>
                <SequencePoint vc="0" uspid="103" ordinal="0" offset="0" sl="13" sc="9" el="13" ec="77" bec="0" bev="0" fileid="3" />
                <SequencePoint vc="0" uspid="104" ordinal="1" offset="7" sl="14" sc="9" el="14" ec="10" bec="0" bev="0" fileid="3" />
                <SequencePoint vc="0" uspid="105" ordinal="2" offset="8" sl="15" sc="13" el="15" ec="27" bec="0" bev="0" fileid="3" />
                <SequencePoint vc="0" uspid="106" ordinal="3" offset="15" sl="16" sc="13" el="16" ec="55" bec="0" bev="0" fileid="3" />
                <SequencePoint vc="0" uspid="107" ordinal="4" offset="22" sl="17" sc="9" el="17" ec="10" bec="0" bev="0" fileid="3" />
              </SequencePoints>
              <BranchPoints />
              <MethodPoint xsi:type="SequencePoint" vc="0" uspid="103" ordinal="0" offset="0" sl="13" sc="9" el="13" ec="77" bec="0" bev="0" fileid="3" />
            </Method>
          </Methods>
        </Class>
        <Class>
          <Summary numSequencePoints="37" visitedSequencePoints="0" numBranchPoints="11" visitedBranchPoints="0" sequenceCoverage="0" branchCoverage="0" maxCyclomaticComplexity="2" minCyclomaticComplexity="1" maxCrapScore="6" minCrapScore="2" visitedClasses="0" numClasses="1" visitedMethods="0" numMethods="9" />
          <FullName>WindowsFormsApplication1.Factory</FullName>
          <Methods>
            <Method visited="false" cyclomaticComplexity="1" nPathComplexity="0" sequenceCoverage="0" branchCoverage="0" crapScore="2" isConstructor="false" isStatic="false" isGetter="true" isSetter="false">
              <Summary numSequencePoints="3" visitedSequencePoints="0" numBranchPoints="1" visitedBranchPoints="0" sequenceCoverage="0" branchCoverage="0" maxCyclomaticComplexity="1" minCyclomaticComplexity="1" maxCrapScore="2" minCrapScore="2" visitedClasses="0" numClasses="0" visitedMethods="0" numMethods="1" />
              <MetadataToken>100663298</MetadataToken>
              <Name>System.Int32 WindowsFormsApplication1.Factory::get_Parts_Production()</Name>
              <FileRef uid="3" />
              <SequencePoints>
                <SequencePoint vc="0" uspid="108" ordinal="0" offset="0" sl="27" sc="17" el="27" ec="18" bec="0" bev="0" fileid="3" />
                <SequencePoint vc="0" uspid="109" ordinal="1" offset="1" sl="27" sc="19" el="27" ec="43" bec="0" bev="0" fileid="3" />
                <SequencePoint vc="0" uspid="110" ordinal="2" offset="10" sl="27" sc="44" el="27" ec="45" bec="0" bev="0" fileid="3" />
              </SequencePoints>
              <BranchPoints />
              <MethodPoint xsi:type="SequencePoint" vc="0" uspid="108" ordinal="0" offset="0" sl="27" sc="17" el="27" ec="18" bec="0" bev="0" fileid="3" />
            </Method>
            <Method visited="false" cyclomaticComplexity="2" nPathComplexity="2" sequenceCoverage="0" branchCoverage="0" crapScore="6" isConstructor="false" isStatic="false" isGetter="false" isSetter="true">
              <Summary numSequencePoints="9" visitedSequencePoints="0" numBranchPoints="3" visitedBranchPoints="0" sequenceCoverage="0" branchCoverage="0" maxCyclomaticComplexity="2" minCyclomaticComplexity="2" maxCrapScore="6" minCrapScore="6" visitedClasses="0" numClasses="0" visitedMethods="0" numMethods="1" />
              <MetadataToken>100663299</MetadataToken>
              <Name>System.Void WindowsFormsApplication1.Factory::set_Parts_Production(System.Int32)</Name>
              <FileRef uid="3" />
              <SequencePoints>
                <SequencePoint vc="0" uspid="111" ordinal="0" offset="0" sl="29" sc="13" el="29" ec="14" bec="0" bev="0" fileid="3" />
                <SequencePoint vc="0" uspid="112" ordinal="1" offset="1" sl="30" sc="17" el="30" ec="32" bec="2" bev="0" fileid="3" />
                <SequencePoint vc="0" uspid="113" ordinal="2" offset="12" sl="31" sc="17" el="31" ec="18" bec="0" bev="0" fileid="3" />
                <SequencePoint vc="0" uspid="114" ordinal="3" offset="13" sl="32" sc="21" el="32" ec="46" bec="0" bev="0" fileid="3" />
                <SequencePoint vc="0" uspid="115" ordinal="4" offset="20" sl="33" sc="17" el="33" ec="18" bec="0" bev="0" fileid="3" />
                <SequencePoint vc="0" uspid="116" ordinal="5" offset="23" sl="35" sc="17" el="35" ec="18" bec="0" bev="0" fileid="3" />
                <SequencePoint vc="0" uspid="117" ordinal="6" offset="24" sl="36" sc="21" el="36" ec="42" bec="0" bev="0" fileid="3" />
                <SequencePoint vc="0" uspid="118" ordinal="7" offset="31" sl="37" sc="17" el="37" ec="18" bec="0" bev="0" fileid="3" />
                <SequencePoint vc="0" uspid="119" ordinal="8" offset="32" sl="38" sc="13" el="38" ec="14" bec="0" bev="0" fileid="3" />
              </SequencePoints>
              <BranchPoints>
                <BranchPoint vc="0" uspid="120" ordinal="0" offset="10" sl="30" path="0" offsetend="12" fileid="3" />
                <BranchPoint vc="0" uspid="121" ordinal="1" offset="10" sl="30" path="1" offsetend="23" fileid="3" />
              </BranchPoints>
              <MethodPoint xsi:type="SequencePoint" vc="0" uspid="111" ordinal="0" offset="0" sl="29" sc="13" el="29" ec="14" bec="0" bev="0" fileid="3" />
            </Method>
            <Method visited="false" cyclomaticComplexity="1" nPathComplexity="0" sequenceCoverage="0" branchCoverage="0" crapScore="2" isConstructor="false" isStatic="false" isGetter="false" isSetter="false">
              <Summary numSequencePoints="3" visitedSequencePoints="0" numBranchPoints="1" visitedBranchPoints="0" sequenceCoverage="0" branchCoverage="0" maxCyclomaticComplexity="1" minCyclomaticComplexity="1" maxCrapScore="2" minCrapScore="2" visitedClasses="0" numClasses="0" visitedMethods="0" numMethods="1" />
              <MetadataToken>100663300</MetadataToken>
              <Name>System.Int32 WindowsFormsApplication1.Factory::Return_Parts_Production()</Name>
              <FileRef uid="3" />
              <SequencePoints>
                <SequencePoint vc="0" uspid="122" ordinal="0" offset="0" sl="41" sc="9" el="41" ec="10" bec="0" bev="0" fileid="3" />
                <SequencePoint vc="0" uspid="123" ordinal="1" offset="1" sl="42" sc="13" el="42" ec="37" bec="0" bev="0" fileid="3" />
                <SequencePoint vc="0" uspid="124" ordinal="2" offset="10" sl="43" sc="9" el="43" ec="10" bec="0" bev="0" fileid="3" />
              </SequencePoints>
              <BranchPoints />
              <MethodPoint xsi:type="SequencePoint" vc="0" uspid="122" ordinal="0" offset="0" sl="41" sc="9" el="41" ec="10" bec="0" bev="0" fileid="3" />
            </Method>
            <Method visited="false" cyclomaticComplexity="1" nPathComplexity="0" sequenceCoverage="0" branchCoverage="0" crapScore="2" isConstructor="false" isStatic="false" isGetter="false" isSetter="false">
              <Summary numSequencePoints="5" visitedSequencePoints="0" numBranchPoints="1" visitedBranchPoints="0" sequenceCoverage="0" branchCoverage="0" maxCyclomaticComplexity="1" minCyclomaticComplexity="1" maxCrapScore="2" minCrapScore="2" visitedClasses="0" numClasses="0" visitedMethods="0" numMethods="1" />
              <MetadataToken>100663301</MetadataToken>
              <Name>System.Void WindowsFormsApplication1.Factory::Init()</Name>
              <FileRef uid="3" />
              <SequencePoints>
                <SequencePoint vc="0" uspid="125" ordinal="0" offset="0" sl="45" sc="9" el="45" ec="10" bec="0" bev="0" fileid="3" />
                <SequencePoint vc="0" uspid="126" ordinal="1" offset="1" sl="46" sc="13" el="46" ec="25" bec="0" bev="0" fileid="3" />
                <SequencePoint vc="0" uspid="127" ordinal="2" offset="8" sl="48" sc="13" el="48" ec="52" bec="0" bev="0" fileid="3" />
                <SequencePoint vc="0" uspid="128" ordinal="3" offset="27" sl="49" sc="13" el="49" ec="94" bec="0" bev="0" fileid="3" />
                <SequencePoint vc="0" uspid="129" ordinal="4" offset="67" sl="50" sc="9" el="50" ec="10" bec="0" bev="0" fileid="3" />
              </SequencePoints>
              <BranchPoints />
              <MethodPoint xsi:type="SequencePoint" vc="0" uspid="125" ordinal="0" offset="0" sl="45" sc="9" el="45" ec="10" bec="0" bev="0" fileid="3" />
            </Method>
            <Method visited="false" cyclomaticComplexity="1" nPathComplexity="0" sequenceCoverage="0" branchCoverage="0" crapScore="2" isConstructor="false" isStatic="false" isGetter="false" isSetter="false">
              <Summary numSequencePoints="3" visitedSequencePoints="0" numBranchPoints="1" visitedBranchPoints="0" sequenceCoverage="0" branchCoverage="0" maxCyclomaticComplexity="1" minCyclomaticComplexity="1" maxCrapScore="2" minCrapScore="2" visitedClasses="0" numClasses="0" visitedMethods="0" numMethods="1" />
              <MetadataToken>100663302</MetadataToken>
              <Name>System.String WindowsFormsApplication1.Factory::ShowInit()</Name>
              <FileRef uid="3" />
              <SequencePoints>
                <SequencePoint vc="0" uspid="130" ordinal="0" offset="0" sl="52" sc="9" el="52" ec="10" bec="0" bev="0" fileid="3" />
                <SequencePoint vc="0" uspid="131" ordinal="1" offset="1" sl="53" sc="13" el="53" ec="187" bec="0" bev="0" fileid="3" />
                <SequencePoint vc="0" uspid="132" ordinal="2" offset="68" sl="54" sc="9" el="54" ec="10" bec="0" bev="0" fileid="3" />
              </SequencePoints>
              <BranchPoints />
              <MethodPoint xsi:type="SequencePoint" vc="0" uspid="130" ordinal="0" offset="0" sl="52" sc="9" el="52" ec="10" bec="0" bev="0" fileid="3" />
            </Method>
            <Method visited="false" cyclomaticComplexity="1" nPathComplexity="0" sequenceCoverage="0" branchCoverage="0" crapScore="2" isConstructor="true" isStatic="false" isGetter="false" isSetter="false">
              <Summary numSequencePoints="5" visitedSequencePoints="0" numBranchPoints="1" visitedBranchPoints="0" sequenceCoverage="0" branchCoverage="0" maxCyclomaticComplexity="1" minCyclomaticComplexity="1" maxCrapScore="2" minCrapScore="2" visitedClasses="0" numClasses="0" visitedMethods="0" numMethods="1" />
              <MetadataToken>100663303</MetadataToken>
              <Name>System.Void WindowsFormsApplication1.Factory::.ctor(System.Int32,System.Int32,System.Int32,System.Boolean)</Name>
              <FileRef uid="3" />
              <SequencePoints>
                <SequencePoint vc="0" uspid="133" ordinal="0" offset="0" sl="55" sc="99" el="55" ec="116" bec="0" bev="0" fileid="3" />
                <SequencePoint vc="0" uspid="134" ordinal="1" offset="9" sl="56" sc="9" el="56" ec="10" bec="0" bev="0" fileid="3" />
                <SequencePoint vc="0" uspid="135" ordinal="2" offset="10" sl="57" sc="13" el="57" ec="49" bec="0" bev="0" fileid="3" />
                <SequencePoint vc="0" uspid="136" ordinal="3" offset="20" sl="58" sc="13" el="58" ec="86" bec="0" bev="0" fileid="3" />
                <SequencePoint vc="0" uspid="137" ordinal="4" offset="34" sl="59" sc="9" el="59" ec="10" bec="0" bev="0" fileid="3" />
              </SequencePoints>
              <BranchPoints />
              <MethodPoint xsi:type="SequencePoint" vc="0" uspid="133" ordinal="0" offset="0" sl="55" sc="99" el="55" ec="116" bec="0" bev="0" fileid="3" />
            </Method>
            <Method visited="false" cyclomaticComplexity="1" nPathComplexity="0" sequenceCoverage="0" branchCoverage="0" crapScore="2" isConstructor="true" isStatic="false" isGetter="false" isSetter="false">
              <Summary numSequencePoints="3" visitedSequencePoints="0" numBranchPoints="1" visitedBranchPoints="0" sequenceCoverage="0" branchCoverage="0" maxCyclomaticComplexity="1" minCyclomaticComplexity="1" maxCrapScore="2" minCrapScore="2" visitedClasses="0" numClasses="0" visitedMethods="0" numMethods="1" />
              <MetadataToken>100663304</MetadataToken>
              <Name>System.Void WindowsFormsApplication1.Factory::.ctor()</Name>
              <FileRef uid="3" />
              <SequencePoints>
                <SequencePoint vc="0" uspid="138" ordinal="0" offset="0" sl="60" sc="9" el="60" ec="25" bec="0" bev="0" fileid="3" />
                <SequencePoint vc="0" uspid="139" ordinal="1" offset="7" sl="61" sc="9" el="61" ec="10" bec="0" bev="0" fileid="3" />
                <SequencePoint vc="0" uspid="140" ordinal="2" offset="8" sl="63" sc="9" el="63" ec="10" bec="0" bev="0" fileid="3" />
              </SequencePoints>
              <BranchPoints />
              <MethodPoint xsi:type="SequencePoint" vc="0" uspid="138" ordinal="0" offset="0" sl="60" sc="9" el="60" ec="25" bec="0" bev="0" fileid="3" />
            </Method>
            <Method visited="false" cyclomaticComplexity="1" nPathComplexity="0" sequenceCoverage="0" branchCoverage="0" crapScore="2" isConstructor="false" isStatic="false" isGetter="false" isSetter="false">
              <Summary numSequencePoints="3" visitedSequencePoints="0" numBranchPoints="1" visitedBranchPoints="0" sequenceCoverage="0" branchCoverage="0" maxCyclomaticComplexity="1" minCyclomaticComplexity="1" maxCrapScore="2" minCrapScore="2" visitedClasses="0" numClasses="0" visitedMethods="0" numMethods="1" />
              <MetadataToken>100663305</MetadataToken>
              <Name>System.String WindowsFormsApplication1.Factory::Show()</Name>
              <FileRef uid="3" />
              <SequencePoints>
                <SequencePoint vc="0" uspid="141" ordinal="0" offset="0" sl="65" sc="9" el="65" ec="10" bec="0" bev="0" fileid="3" />
                <SequencePoint vc="0" uspid="142" ordinal="1" offset="1" sl="66" sc="13" el="66" ec="64" bec="0" bev="0" fileid="3" />
                <SequencePoint vc="0" uspid="143" ordinal="2" offset="20" sl="68" sc="9" el="68" ec="10" bec="0" bev="0" fileid="3" />
              </SequencePoints>
              <BranchPoints />
              <MethodPoint xsi:type="SequencePoint" vc="0" uspid="141" ordinal="0" offset="0" sl="65" sc="9" el="65" ec="10" bec="0" bev="0" fileid="3" />
            </Method>
            <Method visited="false" cyclomaticComplexity="1" nPathComplexity="0" sequenceCoverage="0" branchCoverage="0" crapScore="2" isConstructor="false" isStatic="false" isGetter="false" isSetter="false">
              <Summary numSequencePoints="3" visitedSequencePoints="0" numBranchPoints="1" visitedBranchPoints="0" sequenceCoverage="0" branchCoverage="0" maxCyclomaticComplexity="1" minCyclomaticComplexity="1" maxCrapScore="2" minCrapScore="2" visitedClasses="0" numClasses="0" visitedMethods="0" numMethods="1" />
              <MetadataToken>100663306</MetadataToken>
              <Name>System.String WindowsFormsApplication1.Factory::VirtualShow()</Name>
              <FileRef uid="3" />
              <SequencePoints>
                <SequencePoint vc="0" uspid="144" ordinal="0" offset="0" sl="70" sc="9" el="70" ec="10" bec="0" bev="0" fileid="3" />
                <SequencePoint vc="0" uspid="145" ordinal="1" offset="1" sl="71" sc="13" el="71" ec="64" bec="0" bev="0" fileid="3" />
                <SequencePoint vc="0" uspid="146" ordinal="2" offset="20" sl="72" sc="9" el="72" ec="10" bec="0" bev="0" fileid="3" />
              </SequencePoints>
              <BranchPoints />
              <MethodPoint xsi:type="SequencePoint" vc="0" uspid="144" ordinal="0" offset="0" sl="70" sc="9" el="70" ec="10" bec="0" bev="0" fileid="3" />
            </Method>
          </Methods>
        </Class>
        <Class>
          <Summary numSequencePoints="488" visitedSequencePoints="0" numBranchPoints="80" visitedBranchPoints="0" sequenceCoverage="0" branchCoverage="0" maxCyclomaticComplexity="11" minCyclomaticComplexity="1" maxCrapScore="132" minCrapScore="2" visitedClasses="0" numClasses="1" visitedMethods="0" numMethods="15" />
          <FullName>WindowsFormsApplication1.Form1</FullName>
          <Methods>
            <Method visited="false" cyclomaticComplexity="1" nPathComplexity="0" sequenceCoverage="0" branchCoverage="0" crapScore="2" isConstructor="true" isStatic="false" isGetter="false" isSetter="false">
              <Summary numSequencePoints="16" visitedSequencePoints="0" numBranchPoints="1" visitedBranchPoints="0" sequenceCoverage="0" branchCoverage="0" maxCyclomaticComplexity="1" minCyclomaticComplexity="1" maxCrapScore="2" minCrapScore="2" visitedClasses="0" numClasses="0" visitedMethods="0" numMethods="1" />
              <MetadataToken>100663307</MetadataToken>
              <Name>System.Void WindowsFormsApplication1.Form1::.ctor()</Name>
              <FileRef uid="5" />
              <SequencePoints>
                <SequencePoint vc="0" uspid="147" ordinal="0" offset="0" sl="212" sc="9" el="212" ec="143" bec="0" bev="0" fileid="5" />
                <SequencePoint vc="0" uspid="148" ordinal="1" offset="44" sl="213" sc="9" el="213" ec="74" bec="0" bev="0" fileid="5" />
                <SequencePoint vc="0" uspid="149" ordinal="2" offset="64" sl="214" sc="9" el="214" ec="90" bec="0" bev="0" fileid="5" />
                <SequencePoint vc="0" uspid="150" ordinal="3" offset="84" sl="215" sc="9" el="215" ec="94" bec="0" bev="0" fileid="5" />
                <SequencePoint vc="0" uspid="151" ordinal="4" offset="104" sl="216" sc="9" el="216" ec="80" bec="0" bev="0" fileid="5" />
                <SequencePoint vc="0" uspid="152" ordinal="5" offset="124" sl="217" sc="9" el="217" ec="56" bec="0" bev="0" fileid="5" />
                <SequencePoint vc="0" uspid="153" ordinal="6" offset="135" sl="8" sc="9" el="8" ec="68" bec="0" bev="0" fileid="6" />
                <SequencePoint vc="0" uspid="154" ordinal="7" offset="142" sl="20" sc="9" el="20" ec="23" bec="0" bev="0" fileid="5" />
                <SequencePoint vc="0" uspid="155" ordinal="8" offset="149" sl="21" sc="9" el="21" ec="10" bec="0" bev="0" fileid="5" />
                <SequencePoint vc="0" uspid="156" ordinal="9" offset="150" sl="22" sc="13" el="22" ec="35" bec="0" bev="0" fileid="5" />
                <SequencePoint vc="0" uspid="157" ordinal="10" offset="157" sl="23" sc="13" el="23" ec="44" bec="0" bev="0" fileid="5" />
                <SequencePoint vc="0" uspid="158" ordinal="11" offset="170" sl="24" sc="13" el="24" ec="40" bec="0" bev="0" fileid="5" />
                <SequencePoint vc="0" uspid="159" ordinal="12" offset="183" sl="25" sc="13" el="25" ec="67" bec="0" bev="0" fileid="5" />
                <SequencePoint vc="0" uspid="160" ordinal="13" offset="204" sl="26" sc="13" el="26" ec="73" bec="0" bev="0" fileid="5" />
                <SequencePoint vc="0" uspid="161" ordinal="14" offset="225" sl="27" sc="13" el="27" ec="72" bec="0" bev="0" fileid="5" />
                <SequencePoint vc="0" uspid="162" ordinal="15" offset="246" sl="29" sc="9" el="29" ec="10" bec="0" bev="0" fileid="5" />
              </SequencePoints>
              <BranchPoints />
              <MethodPoint xsi:type="SequencePoint" vc="0" uspid="147" ordinal="0" offset="0" sl="212" sc="9" el="212" ec="143" bec="0" bev="0" fileid="5" />
            </Method>
            <Method visited="false" cyclomaticComplexity="3" nPathComplexity="4" sequenceCoverage="0" branchCoverage="0" crapScore="12" isConstructor="false" isStatic="false" isGetter="false" isSetter="false">
              <Summary numSequencePoints="26" visitedSequencePoints="0" numBranchPoints="5" visitedBranchPoints="0" sequenceCoverage="0" branchCoverage="0" maxCyclomaticComplexity="3" minCyclomaticComplexity="3" maxCrapScore="12" minCrapScore="12" visitedClasses="0" numClasses="0" visitedMethods="0" numMethods="1" />
              <MetadataToken>100663308</MetadataToken>
              <Name>System.String[] WindowsFormsApplication1.Form1::ReadFiles(System.String,System.String[])</Name>
              <FileRef uid="5" />
              <SequencePoints>
                <SequencePoint vc="0" uspid="163" ordinal="0" offset="0" sl="31" sc="9" el="31" ec="10" bec="0" bev="0" fileid="5" />
                <SequencePoint vc="0" uspid="164" ordinal="1" offset="1" sl="32" sc="13" el="32" ec="30" bec="0" bev="0" fileid="5" />
                <SequencePoint vc="0" uspid="165" ordinal="2" offset="7" sl="33" sc="13" el="33" ec="42" bec="0" bev="0" fileid="5" />
                <SequencePoint vc="0" uspid="166" ordinal="3" offset="14" sl="35" sc="13" el="35" ec="14" bec="0" bev="0" fileid="5" />
                <SequencePoint vc="0" uspid="167" ordinal="4" offset="15" sl="36" sc="17" el="36" ec="62" bec="0" bev="0" fileid="5" />
                <SequencePoint vc="0" uspid="168" ordinal="5" offset="22" sl="37" sc="17" el="37" ec="45" bec="0" bev="0" fileid="5" />
                <SequencePoint vc="0" uspid="169" ordinal="6" offset="29" sl="38" sc="17" el="38" ec="30" bec="0" bev="0" fileid="5" />
                <SequencePoint vc="0" uspid="170" ordinal="7" offset="39" sl="40" sc="17" el="40" ec="18" bec="0" bev="0" fileid="5" />
                <SequencePoint vc="0" uspid="171" ordinal="8" offset="40" sl="41" sc="21" el="41" ec="45" bec="0" bev="0" fileid="5" />
                <SequencePoint vc="0" uspid="172" ordinal="9" offset="47" sl="43" sc="21" el="43" ec="42" bec="0" bev="0" fileid="5" />
                <SequencePoint vc="0" uspid="173" ordinal="10" offset="54" sl="44" sc="21" el="44" ec="36" bec="2" bev="0" fileid="5" />
                <SequencePoint vc="0" uspid="174" ordinal="11" offset="71" sl="45" sc="21" el="45" ec="22" bec="0" bev="0" fileid="5" />
                <SequencePoint vc="0" uspid="175" ordinal="12" offset="72" sl="46" sc="25" el="46" ec="45" bec="0" bev="0" fileid="5" />
                <SequencePoint vc="0" uspid="176" ordinal="13" offset="85" sl="47" sc="21" el="47" ec="22" bec="0" bev="0" fileid="5" />
                <SequencePoint vc="0" uspid="177" ordinal="14" offset="86" sl="48" sc="17" el="48" ec="18" bec="0" bev="0" fileid="5" />
                <SequencePoint vc="0" uspid="178" ordinal="15" offset="87" sl="39" sc="17" el="39" ec="37" bec="2" bev="0" fileid="5" />
                <SequencePoint vc="0" uspid="179" ordinal="16" offset="97" sl="49" sc="17" el="49" ec="28" bec="0" bev="0" fileid="5" />
                <SequencePoint vc="0" uspid="180" ordinal="17" offset="104" sl="50" sc="17" el="50" ec="52" bec="0" bev="0" fileid="5" />
                <SequencePoint vc="0" uspid="181" ordinal="18" offset="122" sl="51" sc="17" el="51" ec="40" bec="0" bev="0" fileid="5" />
                <SequencePoint vc="0" uspid="182" ordinal="19" offset="140" sl="52" sc="13" el="52" ec="14" bec="0" bev="0" fileid="5" />
                <SequencePoint vc="0" uspid="183" ordinal="20" offset="143" sl="53" sc="13" el="53" ec="18" bec="0" bev="0" fileid="5" />
                <SequencePoint vc="0" uspid="184" ordinal="21" offset="144" sl="54" sc="13" el="54" ec="14" bec="0" bev="0" fileid="5" />
                <SequencePoint vc="0" uspid="185" ordinal="22" offset="145" sl="55" sc="17" el="55" ec="31" bec="0" bev="0" fileid="5" />
                <SequencePoint vc="0" uspid="186" ordinal="23" offset="147" sl="56" sc="13" el="56" ec="14" bec="0" bev="0" fileid="5" />
                <SequencePoint vc="0" uspid="187" ordinal="24" offset="150" sl="57" sc="13" el="57" ec="24" bec="0" bev="0" fileid="5" />
                <SequencePoint vc="0" uspid="188" ordinal="25" offset="155" sl="58" sc="9" el="58" ec="10" bec="0" bev="0" fileid="5" />
              </SequencePoints>
              <BranchPoints>
                <BranchPoint vc="0" uspid="189" ordinal="0" offset="69" sl="44" path="0" offsetend="71" fileid="5" />
                <BranchPoint vc="0" uspid="190" ordinal="1" offset="69" sl="44" path="1" offsetend="86" fileid="5" />
                <BranchPoint vc="0" uspid="191" ordinal="2" offset="95" sl="39" path="0" offsetend="97" fileid="5" />
                <BranchPoint vc="0" uspid="192" ordinal="3" offset="95" sl="39" path="1" offsetend="39" fileid="5" />
              </BranchPoints>
              <MethodPoint xsi:type="SequencePoint" vc="0" uspid="163" ordinal="0" offset="0" sl="31" sc="9" el="31" ec="10" bec="0" bev="0" fileid="5" />
            </Method>
            <Method visited="false" cyclomaticComplexity="8" nPathComplexity="14" sequenceCoverage="0" branchCoverage="0" crapScore="72" isConstructor="false" isStatic="false" isGetter="false" isSetter="false">
              <Summary numSequencePoints="22" visitedSequencePoints="0" numBranchPoints="10" visitedBranchPoints="0" sequenceCoverage="0" branchCoverage="0" maxCyclomaticComplexity="8" minCyclomaticComplexity="8" maxCrapScore="72" minCrapScore="72" visitedClasses="0" numClasses="0" visitedMethods="0" numMethods="1" />
              <MetadataToken>100663309</MetadataToken>
              <Name>System.Void WindowsFormsApplication1.Form1::PrintArrSort(System.Int32)</Name>
              <FileRef uid="5" />
              <SequencePoints>
                <SequencePoint vc="0" uspid="193" ordinal="0" offset="0" sl="62" sc="9" el="62" ec="10" bec="0" bev="0" fileid="5" />
                <SequencePoint vc="0" uspid="194" ordinal="1" offset="1" sl="63" sc="13" el="63" ec="27" bec="7" bev="0" fileid="5" />
                <SequencePoint vc="0" uspid="195" ordinal="2" offset="37" sl="66" sc="21" el="66" ec="47" bec="0" bev="0" fileid="5" />
                <SequencePoint vc="0" uspid="196" ordinal="3" offset="49" sl="67" sc="21" el="67" ec="27" bec="0" bev="0" fileid="5" />
                <SequencePoint vc="0" uspid="197" ordinal="4" offset="51" sl="69" sc="21" el="69" ec="64" bec="0" bev="0" fileid="5" />
                <SequencePoint vc="0" uspid="198" ordinal="5" offset="68" sl="70" sc="21" el="70" ec="27" bec="0" bev="0" fileid="5" />
                <SequencePoint vc="0" uspid="199" ordinal="6" offset="70" sl="72" sc="21" el="72" ec="66" bec="0" bev="0" fileid="5" />
                <SequencePoint vc="0" uspid="200" ordinal="7" offset="87" sl="73" sc="21" el="73" ec="27" bec="0" bev="0" fileid="5" />
                <SequencePoint vc="0" uspid="201" ordinal="8" offset="89" sl="75" sc="21" el="75" ec="66" bec="0" bev="0" fileid="5" />
                <SequencePoint vc="0" uspid="202" ordinal="9" offset="106" sl="76" sc="21" el="76" ec="27" bec="0" bev="0" fileid="5" />
                <SequencePoint vc="0" uspid="203" ordinal="10" offset="108" sl="78" sc="21" el="78" ec="65" bec="0" bev="0" fileid="5" />
                <SequencePoint vc="0" uspid="204" ordinal="11" offset="125" sl="79" sc="21" el="79" ec="27" bec="0" bev="0" fileid="5" />
                <SequencePoint vc="0" uspid="205" ordinal="12" offset="127" sl="81" sc="21" el="81" ec="65" bec="0" bev="0" fileid="5" />
                <SequencePoint vc="0" uspid="206" ordinal="13" offset="144" sl="82" sc="21" el="82" ec="27" bec="0" bev="0" fileid="5" />
                <SequencePoint vc="0" uspid="207" ordinal="14" offset="146" sl="84" sc="13" el="84" ec="31" bec="0" bev="0" fileid="5" />
                <SequencePoint vc="0" uspid="208" ordinal="15" offset="163" sl="85" sc="18" el="85" ec="27" bec="0" bev="0" fileid="5" />
                <SequencePoint vc="0" uspid="209" ordinal="16" offset="167" sl="86" sc="13" el="86" ec="14" bec="0" bev="0" fileid="5" />
                <SequencePoint vc="0" uspid="210" ordinal="17" offset="168" sl="88" sc="17" el="88" ec="83" bec="0" bev="0" fileid="5" />
                <SequencePoint vc="0" uspid="211" ordinal="18" offset="227" sl="90" sc="13" el="90" ec="14" bec="0" bev="0" fileid="5" />
                <SequencePoint vc="0" uspid="212" ordinal="19" offset="228" sl="85" sc="55" el="85" ec="58" bec="0" bev="0" fileid="5" />
                <SequencePoint vc="0" uspid="213" ordinal="20" offset="232" sl="85" sc="29" el="85" ec="53" bec="2" bev="0" fileid="5" />
                <SequencePoint vc="0" uspid="214" ordinal="21" offset="247" sl="91" sc="9" el="91" ec="10" bec="0" bev="0" fileid="5" />
              </SequencePoints>
              <BranchPoints>
                <BranchPoint vc="0" uspid="215" ordinal="0" offset="6" sl="63" path="0" offsetchain="35" offsetend="146" fileid="5" />
                <BranchPoint vc="0" uspid="216" ordinal="1" offset="6" sl="63" path="1" offsetend="37" fileid="5" />
                <BranchPoint vc="0" uspid="217" ordinal="2" offset="6" sl="63" path="2" offsetend="51" fileid="5" />
                <BranchPoint vc="0" uspid="218" ordinal="3" offset="6" sl="63" path="3" offsetend="70" fileid="5" />
                <BranchPoint vc="0" uspid="219" ordinal="4" offset="6" sl="63" path="4" offsetend="89" fileid="5" />
                <BranchPoint vc="0" uspid="220" ordinal="5" offset="6" sl="63" path="5" offsetend="108" fileid="5" />
                <BranchPoint vc="0" uspid="221" ordinal="6" offset="6" sl="63" path="6" offsetend="127" fileid="5" />
                <BranchPoint vc="0" uspid="222" ordinal="7" offset="245" sl="85" path="0" offsetend="247" fileid="5" />
                <BranchPoint vc="0" uspid="223" ordinal="8" offset="245" sl="85" path="1" offsetend="167" fileid="5" />
              </BranchPoints>
              <MethodPoint xsi:type="SequencePoint" vc="0" uspid="193" ordinal="0" offset="0" sl="62" sc="9" el="62" ec="10" bec="0" bev="0" fileid="5" />
            </Method>
            <Method visited="false" cyclomaticComplexity="3" nPathComplexity="4" sequenceCoverage="0" branchCoverage="0" crapScore="12" isConstructor="false" isStatic="false" isGetter="false" isSetter="false">
              <Summary numSequencePoints="26" visitedSequencePoints="0" numBranchPoints="5" visitedBranchPoints="0" sequenceCoverage="0" branchCoverage="0" maxCyclomaticComplexity="3" minCyclomaticComplexity="3" maxCrapScore="12" minCrapScore="12" visitedClasses="0" numClasses="0" visitedMethods="0" numMethods="1" />
              <MetadataToken>100663310</MetadataToken>
              <Name>System.Void WindowsFormsApplication1.Form1::CreatAuto_Click(System.Object,System.EventArgs)</Name>
              <FileRef uid="5" />
              <SequencePoints>
                <SequencePoint vc="0" uspid="224" ordinal="0" offset="0" sl="95" sc="9" el="95" ec="10" bec="0" bev="0" fileid="5" />
                <SequencePoint vc="0" uspid="225" ordinal="1" offset="1" sl="96" sc="13" el="96" ec="39" bec="0" bev="0" fileid="5" />
                <SequencePoint vc="0" uspid="226" ordinal="2" offset="14" sl="97" sc="13" el="97" ec="31" bec="0" bev="0" fileid="5" />
                <SequencePoint vc="0" uspid="227" ordinal="3" offset="31" sl="98" sc="13" el="98" ec="38" bec="0" bev="0" fileid="5" />
                <SequencePoint vc="0" uspid="228" ordinal="4" offset="48" sl="99" sc="13" el="99" ec="46" bec="0" bev="0" fileid="5" />
                <SequencePoint vc="0" uspid="229" ordinal="5" offset="65" sl="100" sc="13" el="100" ec="53" bec="0" bev="0" fileid="5" />
                <SequencePoint vc="0" uspid="230" ordinal="6" offset="77" sl="101" sc="13" el="101" ec="42" bec="0" bev="0" fileid="5" />
                <SequencePoint vc="0" uspid="231" ordinal="7" offset="83" sl="102" sc="18" el="102" ec="27" bec="0" bev="0" fileid="5" />
                <SequencePoint vc="0" uspid="232" ordinal="8" offset="90" sl="103" sc="13" el="103" ec="14" bec="0" bev="0" fileid="5" />
                <SequencePoint vc="0" uspid="233" ordinal="9" offset="91" sl="104" sc="17" el="104" ec="48" bec="0" bev="0" fileid="5" />
                <SequencePoint vc="0" uspid="234" ordinal="10" offset="107" sl="105" sc="17" el="105" ec="79" bec="0" bev="0" fileid="5" />
                <SequencePoint vc="0" uspid="235" ordinal="11" offset="166" sl="106" sc="17" el="106" ec="93" bec="0" bev="0" fileid="5" />
                <SequencePoint vc="0" uspid="236" ordinal="12" offset="225" sl="107" sc="13" el="107" ec="14" bec="0" bev="0" fileid="5" />
                <SequencePoint vc="0" uspid="237" ordinal="13" offset="226" sl="102" sc="40" el="102" ec="43" bec="0" bev="0" fileid="5" />
                <SequencePoint vc="0" uspid="238" ordinal="14" offset="230" sl="102" sc="29" el="102" ec="38" bec="2" bev="0" fileid="5" />
                <SequencePoint vc="0" uspid="239" ordinal="15" offset="241" sl="108" sc="13" el="108" ec="58" bec="0" bev="0" fileid="5" />
                <SequencePoint vc="0" uspid="240" ordinal="16" offset="258" sl="109" sc="13" el="109" ec="31" bec="0" bev="0" fileid="5" />
                <SequencePoint vc="0" uspid="241" ordinal="17" offset="275" sl="110" sc="13" el="110" ec="38" bec="0" bev="0" fileid="5" />
                <SequencePoint vc="0" uspid="242" ordinal="18" offset="292" sl="111" sc="18" el="111" ec="27" bec="0" bev="0" fileid="5" />
                <SequencePoint vc="0" uspid="243" ordinal="19" offset="300" sl="112" sc="13" el="112" ec="14" bec="0" bev="0" fileid="5" />
                <SequencePoint vc="0" uspid="244" ordinal="20" offset="301" sl="113" sc="17" el="113" ec="79" bec="0" bev="0" fileid="5" />
                <SequencePoint vc="0" uspid="245" ordinal="21" offset="362" sl="114" sc="17" el="114" ec="93" bec="0" bev="0" fileid="5" />
                <SequencePoint vc="0" uspid="246" ordinal="22" offset="423" sl="115" sc="13" el="115" ec="14" bec="0" bev="0" fileid="5" />
                <SequencePoint vc="0" uspid="247" ordinal="23" offset="424" sl="111" sc="40" el="111" ec="43" bec="0" bev="0" fileid="5" />
                <SequencePoint vc="0" uspid="248" ordinal="24" offset="430" sl="111" sc="29" el="111" ec="38" bec="2" bev="0" fileid="5" />
                <SequencePoint vc="0" uspid="249" ordinal="25" offset="444" sl="117" sc="9" el="117" ec="10" bec="0" bev="0" fileid="5" />
              </SequencePoints>
              <BranchPoints>
                <BranchPoint vc="0" uspid="250" ordinal="0" offset="236" sl="102" path="0" offsetend="241" fileid="5" />
                <BranchPoint vc="0" uspid="251" ordinal="1" offset="236" sl="102" path="1" offsetend="90" fileid="5" />
                <BranchPoint vc="0" uspid="252" ordinal="2" offset="439" sl="111" path="0" offsetend="444" fileid="5" />
                <BranchPoint vc="0" uspid="253" ordinal="3" offset="439" sl="111" path="1" offsetend="300" fileid="5" />
              </BranchPoints>
              <MethodPoint xsi:type="SequencePoint" vc="0" uspid="224" ordinal="0" offset="0" sl="95" sc="9" el="95" ec="10" bec="0" bev="0" fileid="5" />
            </Method>
            <Method visited="false" cyclomaticComplexity="2" nPathComplexity="2" sequenceCoverage="0" branchCoverage="0" crapScore="6" isConstructor="false" isStatic="false" isGetter="false" isSetter="false">
              <Summary numSequencePoints="13" visitedSequencePoints="0" numBranchPoints="3" visitedBranchPoints="0" sequenceCoverage="0" branchCoverage="0" maxCyclomaticComplexity="2" minCyclomaticComplexity="2" maxCrapScore="6" minCrapScore="6" visitedClasses="0" numClasses="0" visitedMethods="0" numMethods="1" />
              <MetadataToken>100663311</MetadataToken>
              <Name>System.Void WindowsFormsApplication1.Form1::Creat_Click(System.Object,System.EventArgs)</Name>
              <FileRef uid="5" />
              <SequencePoints>
                <SequencePoint vc="0" uspid="254" ordinal="0" offset="0" sl="119" sc="9" el="119" ec="10" bec="0" bev="0" fileid="5" />
                <SequencePoint vc="0" uspid="255" ordinal="1" offset="1" sl="120" sc="13" el="120" ec="31" bec="0" bev="0" fileid="5" />
                <SequencePoint vc="0" uspid="256" ordinal="2" offset="18" sl="121" sc="13" el="121" ec="44" bec="0" bev="0" fileid="5" />
                <SequencePoint vc="0" uspid="257" ordinal="3" offset="35" sl="122" sc="13" el="122" ec="41" bec="0" bev="0" fileid="5" />
                <SequencePoint vc="0" uspid="258" ordinal="4" offset="47" sl="123" sc="13" el="123" ec="42" bec="0" bev="0" fileid="5" />
                <SequencePoint vc="0" uspid="259" ordinal="5" offset="53" sl="124" sc="18" el="124" ec="27" bec="0" bev="0" fileid="5" />
                <SequencePoint vc="0" uspid="260" ordinal="6" offset="57" sl="125" sc="13" el="125" ec="14" bec="0" bev="0" fileid="5" />
                <SequencePoint vc="0" uspid="261" ordinal="7" offset="58" sl="126" sc="17" el="126" ec="49" bec="0" bev="0" fileid="5" />
                <SequencePoint vc="0" uspid="262" ordinal="8" offset="74" sl="127" sc="17" el="127" ec="78" bec="0" bev="0" fileid="5" />
                <SequencePoint vc="0" uspid="263" ordinal="9" offset="133" sl="129" sc="13" el="129" ec="14" bec="0" bev="0" fileid="5" />
                <SequencePoint vc="0" uspid="264" ordinal="10" offset="134" sl="124" sc="40" el="124" ec="43" bec="0" bev="0" fileid="5" />
                <SequencePoint vc="0" uspid="265" ordinal="11" offset="138" sl="124" sc="29" el="124" ec="38" bec="2" bev="0" fileid="5" />
                <SequencePoint vc="0" uspid="266" ordinal="12" offset="146" sl="131" sc="9" el="131" ec="10" bec="0" bev="0" fileid="5" />
              </SequencePoints>
              <BranchPoints>
                <BranchPoint vc="0" uspid="267" ordinal="0" offset="144" sl="124" path="0" offsetend="146" fileid="5" />
                <BranchPoint vc="0" uspid="268" ordinal="1" offset="144" sl="124" path="1" offsetend="57" fileid="5" />
              </BranchPoints>
              <MethodPoint xsi:type="SequencePoint" vc="0" uspid="254" ordinal="0" offset="0" sl="119" sc="9" el="119" ec="10" bec="0" bev="0" fileid="5" />
            </Method>
            <Method visited="false" cyclomaticComplexity="6" nPathComplexity="6" sequenceCoverage="0" branchCoverage="0" crapScore="42" isConstructor="false" isStatic="false" isGetter="false" isSetter="false">
              <Summary numSequencePoints="13" visitedSequencePoints="0" numBranchPoints="7" visitedBranchPoints="0" sequenceCoverage="0" branchCoverage="0" maxCyclomaticComplexity="6" minCyclomaticComplexity="6" maxCrapScore="42" minCrapScore="42" visitedClasses="0" numClasses="0" visitedMethods="0" numMethods="1" />
              <MetadataToken>100663312</MetadataToken>
              <Name>System.Void WindowsFormsApplication1.Form1::CreatOrg(System.Int32,System.Int32)</Name>
              <FileRef uid="5" />
              <SequencePoints>
                <SequencePoint vc="0" uspid="269" ordinal="0" offset="0" sl="133" sc="9" el="133" ec="10" bec="0" bev="0" fileid="5" />
                <SequencePoint vc="0" uspid="270" ordinal="1" offset="1" sl="134" sc="13" el="134" ec="27" bec="6" bev="0" fileid="5" />
                <SequencePoint vc="0" uspid="271" ordinal="2" offset="33" sl="137" sc="21" el="137" ec="63" bec="0" bev="0" fileid="5" />
                <SequencePoint vc="0" uspid="272" ordinal="3" offset="46" sl="138" sc="21" el="138" ec="27" bec="0" bev="0" fileid="5" />
                <SequencePoint vc="0" uspid="273" ordinal="4" offset="48" sl="140" sc="21" el="140" ec="58" bec="0" bev="0" fileid="5" />
                <SequencePoint vc="0" uspid="274" ordinal="5" offset="61" sl="141" sc="21" el="141" ec="27" bec="0" bev="0" fileid="5" />
                <SequencePoint vc="0" uspid="275" ordinal="6" offset="63" sl="143" sc="21" el="143" ec="67" bec="0" bev="0" fileid="5" />
                <SequencePoint vc="0" uspid="276" ordinal="7" offset="76" sl="144" sc="21" el="144" ec="27" bec="0" bev="0" fileid="5" />
                <SequencePoint vc="0" uspid="277" ordinal="8" offset="78" sl="146" sc="21" el="146" ec="70" bec="0" bev="0" fileid="5" />
                <SequencePoint vc="0" uspid="278" ordinal="9" offset="91" sl="147" sc="21" el="147" ec="27" bec="0" bev="0" fileid="5" />
                <SequencePoint vc="0" uspid="279" ordinal="10" offset="93" sl="149" sc="21" el="149" ec="58" bec="0" bev="0" fileid="5" />
                <SequencePoint vc="0" uspid="280" ordinal="11" offset="106" sl="150" sc="21" el="150" ec="27" bec="0" bev="0" fileid="5" />
                <SequencePoint vc="0" uspid="281" ordinal="12" offset="108" sl="152" sc="9" el="152" ec="10" bec="0" bev="0" fileid="5" />
              </SequencePoints>
              <BranchPoints>
                <BranchPoint vc="0" uspid="282" ordinal="0" offset="6" sl="134" path="0" offsetchain="31" offsetend="108" fileid="5" />
                <BranchPoint vc="0" uspid="283" ordinal="1" offset="6" sl="134" path="1" offsetend="33" fileid="5" />
                <BranchPoint vc="0" uspid="284" ordinal="2" offset="6" sl="134" path="2" offsetend="48" fileid="5" />
                <BranchPoint vc="0" uspid="285" ordinal="3" offset="6" sl="134" path="3" offsetend="63" fileid="5" />
                <BranchPoint vc="0" uspid="286" ordinal="4" offset="6" sl="134" path="4" offsetend="78" fileid="5" />
                <BranchPoint vc="0" uspid="287" ordinal="5" offset="6" sl="134" path="5" offsetend="93" fileid="5" />
              </BranchPoints>
              <MethodPoint xsi:type="SequencePoint" vc="0" uspid="269" ordinal="0" offset="0" sl="133" sc="9" el="133" ec="10" bec="0" bev="0" fileid="5" />
            </Method>
            <Method visited="false" cyclomaticComplexity="7" nPathComplexity="7" sequenceCoverage="0" branchCoverage="0" crapScore="56" isConstructor="false" isStatic="false" isGetter="false" isSetter="false">
              <Summary numSequencePoints="15" visitedSequencePoints="0" numBranchPoints="8" visitedBranchPoints="0" sequenceCoverage="0" branchCoverage="0" maxCyclomaticComplexity="7" minCyclomaticComplexity="7" maxCrapScore="56" minCrapScore="56" visitedClasses="0" numClasses="0" visitedMethods="0" numMethods="1" />
              <MetadataToken>100663313</MetadataToken>
              <Name>System.Void WindowsFormsApplication1.Form1::CreatInit(System.Int32,System.Int32)</Name>
              <FileRef uid="5" />
              <SequencePoints>
                <SequencePoint vc="0" uspid="288" ordinal="0" offset="0" sl="154" sc="9" el="154" ec="10" bec="0" bev="0" fileid="5" />
                <SequencePoint vc="0" uspid="289" ordinal="1" offset="1" sl="155" sc="13" el="155" ec="27" bec="7" bev="0" fileid="5" />
                <SequencePoint vc="0" uspid="290" ordinal="2" offset="37" sl="158" sc="21" el="158" ec="58" bec="0" bev="0" fileid="5" />
                <SequencePoint vc="0" uspid="291" ordinal="3" offset="50" sl="159" sc="21" el="159" ec="27" bec="0" bev="0" fileid="5" />
                <SequencePoint vc="0" uspid="292" ordinal="4" offset="52" sl="161" sc="21" el="161" ec="53" bec="0" bev="0" fileid="5" />
                <SequencePoint vc="0" uspid="293" ordinal="5" offset="65" sl="162" sc="21" el="162" ec="27" bec="0" bev="0" fileid="5" />
                <SequencePoint vc="0" uspid="294" ordinal="6" offset="67" sl="164" sc="21" el="164" ec="62" bec="0" bev="0" fileid="5" />
                <SequencePoint vc="0" uspid="295" ordinal="7" offset="80" sl="165" sc="21" el="165" ec="27" bec="0" bev="0" fileid="5" />
                <SequencePoint vc="0" uspid="296" ordinal="8" offset="82" sl="167" sc="21" el="167" ec="65" bec="0" bev="0" fileid="5" />
                <SequencePoint vc="0" uspid="297" ordinal="9" offset="95" sl="168" sc="21" el="168" ec="27" bec="0" bev="0" fileid="5" />
                <SequencePoint vc="0" uspid="298" ordinal="10" offset="97" sl="170" sc="21" el="170" ec="53" bec="0" bev="0" fileid="5" />
                <SequencePoint vc="0" uspid="299" ordinal="11" offset="110" sl="171" sc="21" el="171" ec="27" bec="0" bev="0" fileid="5" />
                <SequencePoint vc="0" uspid="300" ordinal="12" offset="112" sl="173" sc="21" el="173" ec="55" bec="0" bev="0" fileid="5" />
                <SequencePoint vc="0" uspid="301" ordinal="13" offset="125" sl="174" sc="21" el="174" ec="27" bec="0" bev="0" fileid="5" />
                <SequencePoint vc="0" uspid="302" ordinal="14" offset="127" sl="176" sc="9" el="176" ec="10" bec="0" bev="0" fileid="5" />
              </SequencePoints>
              <BranchPoints>
                <BranchPoint vc="0" uspid="303" ordinal="0" offset="6" sl="155" path="0" offsetchain="35" offsetend="127" fileid="5" />
                <BranchPoint vc="0" uspid="304" ordinal="1" offset="6" sl="155" path="1" offsetend="37" fileid="5" />
                <BranchPoint vc="0" uspid="305" ordinal="2" offset="6" sl="155" path="2" offsetend="52" fileid="5" />
                <BranchPoint vc="0" uspid="306" ordinal="3" offset="6" sl="155" path="3" offsetend="67" fileid="5" />
                <BranchPoint vc="0" uspid="307" ordinal="4" offset="6" sl="155" path="4" offsetend="82" fileid="5" />
                <BranchPoint vc="0" uspid="308" ordinal="5" offset="6" sl="155" path="5" offsetend="97" fileid="5" />
                <BranchPoint vc="0" uspid="309" ordinal="6" offset="6" sl="155" path="6" offsetend="112" fileid="5" />
              </BranchPoints>
              <MethodPoint xsi:type="SequencePoint" vc="0" uspid="288" ordinal="0" offset="0" sl="154" sc="9" el="154" ec="10" bec="0" bev="0" fileid="5" />
            </Method>
            <Method visited="false" cyclomaticComplexity="1" nPathComplexity="0" sequenceCoverage="0" branchCoverage="0" crapScore="2" isConstructor="false" isStatic="false" isGetter="false" isSetter="false">
              <Summary numSequencePoints="4" visitedSequencePoints="0" numBranchPoints="1" visitedBranchPoints="0" sequenceCoverage="0" branchCoverage="0" maxCyclomaticComplexity="1" minCyclomaticComplexity="1" maxCrapScore="2" minCrapScore="2" visitedClasses="0" numClasses="0" visitedMethods="0" numMethods="1" />
              <MetadataToken>100663314</MetadataToken>
              <Name>System.Void WindowsFormsApplication1.Form1::SortButton_Click(System.Object,System.EventArgs)</Name>
              <FileRef uid="5" />
              <SequencePoints>
                <SequencePoint vc="0" uspid="310" ordinal="0" offset="0" sl="179" sc="9" el="179" ec="10" bec="0" bev="0" fileid="5" />
                <SequencePoint vc="0" uspid="311" ordinal="1" offset="1" sl="180" sc="13" el="180" ec="52" bec="0" bev="0" fileid="5" />
                <SequencePoint vc="0" uspid="312" ordinal="2" offset="13" sl="181" sc="13" el="181" ec="33" bec="0" bev="0" fileid="5" />
                <SequencePoint vc="0" uspid="313" ordinal="3" offset="21" sl="182" sc="9" el="182" ec="10" bec="0" bev="0" fileid="5" />
              </SequencePoints>
              <BranchPoints />
              <MethodPoint xsi:type="SequencePoint" vc="0" uspid="310" ordinal="0" offset="0" sl="179" sc="9" el="179" ec="10" bec="0" bev="0" fileid="5" />
            </Method>
            <Method visited="false" cyclomaticComplexity="2" nPathComplexity="2" sequenceCoverage="0" branchCoverage="0" crapScore="6" isConstructor="false" isStatic="false" isGetter="false" isSetter="false">
              <Summary numSequencePoints="13" visitedSequencePoints="0" numBranchPoints="3" visitedBranchPoints="0" sequenceCoverage="0" branchCoverage="0" maxCyclomaticComplexity="2" minCyclomaticComplexity="2" maxCrapScore="6" minCrapScore="6" visitedClasses="0" numClasses="0" visitedMethods="0" numMethods="1" />
              <MetadataToken>100663315</MetadataToken>
              <Name>System.Void WindowsFormsApplication1.Form1::CloneButton_Click(System.Object,System.EventArgs)</Name>
              <FileRef uid="5" />
              <SequencePoints>
                <SequencePoint vc="0" uspid="314" ordinal="0" offset="0" sl="185" sc="9" el="185" ec="10" bec="0" bev="0" fileid="5" />
                <SequencePoint vc="0" uspid="315" ordinal="1" offset="1" sl="186" sc="13" el="186" ec="53" bec="0" bev="0" fileid="5" />
                <SequencePoint vc="0" uspid="316" ordinal="2" offset="7" sl="187" sc="13" el="187" ec="73" bec="0" bev="0" fileid="5" />
                <SequencePoint vc="0" uspid="317" ordinal="3" offset="35" sl="188" sc="18" el="188" ec="27" bec="0" bev="0" fileid="5" />
                <SequencePoint vc="0" uspid="318" ordinal="4" offset="39" sl="189" sc="13" el="189" ec="14" bec="0" bev="0" fileid="5" />
                <SequencePoint vc="0" uspid="319" ordinal="5" offset="40" sl="190" sc="17" el="190" ec="66" bec="0" bev="0" fileid="5" />
                <SequencePoint vc="0" uspid="320" ordinal="6" offset="52" sl="191" sc="17" el="191" ec="30" bec="0" bev="0" fileid="5" />
                <SequencePoint vc="0" uspid="321" ordinal="7" offset="59" sl="192" sc="17" el="192" ec="87" bec="0" bev="0" fileid="5" />
                <SequencePoint vc="0" uspid="322" ordinal="8" offset="98" sl="193" sc="17" el="193" ec="88" bec="0" bev="0" fileid="5" />
                <SequencePoint vc="0" uspid="323" ordinal="9" offset="150" sl="194" sc="13" el="194" ec="14" bec="0" bev="0" fileid="5" />
                <SequencePoint vc="0" uspid="324" ordinal="10" offset="151" sl="188" sc="36" el="188" ec="39" bec="0" bev="0" fileid="5" />
                <SequencePoint vc="0" uspid="325" ordinal="11" offset="155" sl="188" sc="29" el="188" ec="34" bec="2" bev="0" fileid="5" />
                <SequencePoint vc="0" uspid="326" ordinal="12" offset="163" sl="195" sc="9" el="195" ec="10" bec="0" bev="0" fileid="5" />
              </SequencePoints>
              <BranchPoints>
                <BranchPoint vc="0" uspid="327" ordinal="0" offset="161" sl="188" path="0" offsetend="163" fileid="5" />
                <BranchPoint vc="0" uspid="328" ordinal="1" offset="161" sl="188" path="1" offsetend="39" fileid="5" />
              </BranchPoints>
              <MethodPoint xsi:type="SequencePoint" vc="0" uspid="314" ordinal="0" offset="0" sl="185" sc="9" el="185" ec="10" bec="0" bev="0" fileid="5" />
            </Method>
            <Method visited="false" cyclomaticComplexity="2" nPathComplexity="2" sequenceCoverage="0" branchCoverage="0" crapScore="6" isConstructor="false" isStatic="false" isGetter="false" isSetter="false">
              <Summary numSequencePoints="17" visitedSequencePoints="0" numBranchPoints="3" visitedBranchPoints="0" sequenceCoverage="0" branchCoverage="0" maxCyclomaticComplexity="2" minCyclomaticComplexity="2" maxCrapScore="6" minCrapScore="6" visitedClasses="0" numClasses="0" visitedMethods="0" numMethods="1" />
              <MetadataToken>100663316</MetadataToken>
              <Name>System.Void WindowsFormsApplication1.Form1::MemberwiseClone_Click(System.Object,System.EventArgs)</Name>
              <FileRef uid="5" />
              <SequencePoints>
                <SequencePoint vc="0" uspid="329" ordinal="0" offset="0" sl="198" sc="9" el="198" ec="10" bec="0" bev="0" fileid="5" />
                <SequencePoint vc="0" uspid="330" ordinal="1" offset="1" sl="199" sc="13" el="199" ec="42" bec="0" bev="0" fileid="5" />
                <SequencePoint vc="0" uspid="331" ordinal="2" offset="7" sl="200" sc="13" el="200" ec="53" bec="0" bev="0" fileid="5" />
                <SequencePoint vc="0" uspid="332" ordinal="3" offset="13" sl="201" sc="13" el="201" ec="73" bec="0" bev="0" fileid="5" />
                <SequencePoint vc="0" uspid="333" ordinal="4" offset="41" sl="202" sc="18" el="202" ec="27" bec="0" bev="0" fileid="5" />
                <SequencePoint vc="0" uspid="334" ordinal="5" offset="48" sl="203" sc="13" el="203" ec="14" bec="0" bev="0" fileid="5" />
                <SequencePoint vc="0" uspid="335" ordinal="6" offset="49" sl="204" sc="17" el="204" ec="66" bec="0" bev="0" fileid="5" />
                <SequencePoint vc="0" uspid="336" ordinal="7" offset="61" sl="205" sc="17" el="205" ec="96" bec="0" bev="0" fileid="5" />
                <SequencePoint vc="0" uspid="337" ordinal="8" offset="86" sl="206" sc="17" el="206" ec="64" bec="0" bev="0" fileid="5" />
                <SequencePoint vc="0" uspid="338" ordinal="9" offset="109" sl="207" sc="17" el="207" ec="63" bec="0" bev="0" fileid="5" />
                <SequencePoint vc="0" uspid="339" ordinal="10" offset="128" sl="207" sc="64" el="207" ec="65" bec="0" bev="0" fileid="5" />
                <SequencePoint vc="0" uspid="340" ordinal="11" offset="129" sl="208" sc="17" el="208" ec="87" bec="0" bev="0" fileid="5" />
                <SequencePoint vc="0" uspid="341" ordinal="12" offset="168" sl="209" sc="17" el="209" ec="88" bec="0" bev="0" fileid="5" />
                <SequencePoint vc="0" uspid="342" ordinal="13" offset="220" sl="210" sc="13" el="210" ec="14" bec="0" bev="0" fileid="5" />
                <SequencePoint vc="0" uspid="343" ordinal="14" offset="221" sl="202" sc="36" el="202" ec="39" bec="0" bev="0" fileid="5" />
                <SequencePoint vc="0" uspid="344" ordinal="15" offset="225" sl="202" sc="29" el="202" ec="34" bec="2" bev="0" fileid="5" />
                <SequencePoint vc="0" uspid="345" ordinal="16" offset="238" sl="211" sc="9" el="211" ec="10" bec="0" bev="0" fileid="5" />
              </SequencePoints>
              <BranchPoints>
                <BranchPoint vc="0" uspid="346" ordinal="0" offset="233" sl="202" path="0" offsetend="238" fileid="5" />
                <BranchPoint vc="0" uspid="347" ordinal="1" offset="233" sl="202" path="1" offsetend="48" fileid="5" />
              </BranchPoints>
              <MethodPoint xsi:type="SequencePoint" vc="0" uspid="329" ordinal="0" offset="0" sl="198" sc="9" el="198" ec="10" bec="0" bev="0" fileid="5" />
            </Method>
            <Method visited="false" cyclomaticComplexity="6" nPathComplexity="6" sequenceCoverage="0" branchCoverage="0" crapScore="42" isConstructor="false" isStatic="false" isGetter="false" isSetter="false">
              <Summary numSequencePoints="22" visitedSequencePoints="0" numBranchPoints="7" visitedBranchPoints="0" sequenceCoverage="0" branchCoverage="0" maxCyclomaticComplexity="6" minCyclomaticComplexity="6" maxCrapScore="42" minCrapScore="42" visitedClasses="0" numClasses="0" visitedMethods="0" numMethods="1" />
              <MetadataToken>100663317</MetadataToken>
[...]
                <SequencePoint vc="1" uspid="1709" ordinal="3" offset="14" sl="39" sc="13" el="39" ec="27" bec="0" bev="0" fileid="43" />
                <SequencePoint vc="1" uspid="1710" ordinal="4" offset="16" sl="40" sc="18" el="40" ec="48" bec="0" bev="0" fileid="43" />
                <SequencePoint vc="3" uspid="1711" ordinal="5" offset="24" sl="41" sc="13" el="41" ec="14" bec="0" bev="0" fileid="43" />
                <SequencePoint vc="3" uspid="1712" ordinal="6" offset="25" sl="42" sc="17" el="42" ec="28" bec="0" bev="0" fileid="43" />
                <SequencePoint vc="3" uspid="1713" ordinal="7" offset="29" sl="43" sc="17" el="43" ec="36" bec="2" bev="2" fileid="43" />
                <SequencePoint vc="1" uspid="1714" ordinal="8" offset="39" sl="44" sc="17" el="44" ec="18" bec="0" bev="0" fileid="43" />
                <SequencePoint vc="1" uspid="1715" ordinal="9" offset="40" sl="45" sc="21" el="45" ec="49" bec="0" bev="0" fileid="43" />
                <SequencePoint vc="1" uspid="1716" ordinal="10" offset="48" sl="46" sc="17" el="46" ec="18" bec="0" bev="0" fileid="43" />
                <SequencePoint vc="3" uspid="1717" ordinal="11" offset="49" sl="47" sc="17" el="47" ec="49" bec="0" bev="0" fileid="43" />
                <SequencePoint vc="3" uspid="1718" ordinal="12" offset="59" sl="48" sc="13" el="48" ec="14" bec="0" bev="0" fileid="43" />
                <SequencePoint vc="3" uspid="1719" ordinal="13" offset="60" sl="40" sc="55" el="40" ec="58" bec="0" bev="0" fileid="43" />
                <SequencePoint vc="4" uspid="1720" ordinal="14" offset="64" sl="40" sc="50" el="40" ec="54" bec="2" bev="2" fileid="43" />
                <SequencePoint vc="1" uspid="1721" ordinal="15" offset="77" sl="50" sc="13" el="50" ec="29" bec="0" bev="0" fileid="43" />
                <SequencePoint vc="1" uspid="1722" ordinal="16" offset="82" sl="51" sc="9" el="51" ec="10" bec="0" bev="0" fileid="43" />
              </SequencePoints>
              <BranchPoints>
                <BranchPoint vc="1" uspid="1723" ordinal="0" offset="37" sl="43" path="0" offsetend="39" fileid="43" />
                <BranchPoint vc="2" uspid="1724" ordinal="1" offset="37" sl="43" path="1" offsetend="49" fileid="43" />
                <BranchPoint vc="1" uspid="1725" ordinal="2" offset="75" sl="40" path="0" offsetend="77" fileid="43" />
                <BranchPoint vc="3" uspid="1726" ordinal="3" offset="75" sl="40" path="1" offsetend="24" fileid="43" />
              </BranchPoints>
              <MethodPoint xsi:type="SequencePoint" vc="1" uspid="1706" ordinal="0" offset="0" sl="36" sc="9" el="36" ec="10" bec="0" bev="0" fileid="43" />
            </Method>
            <Method visited="true" cyclomaticComplexity="3" nPathComplexity="4" sequenceCoverage="100" branchCoverage="100" crapScore="3" isConstructor="false" isStatic="true" isGetter="false" isSetter="false">
              <Summary numSequencePoints="16" visitedSequencePoints="16" numBranchPoints="5" visitedBranchPoints="5" sequenceCoverage="100" branchCoverage="100" maxCyclomaticComplexity="3" minCyclomaticComplexity="3" maxCrapScore="3" minCrapScore="3" visitedClasses="0" numClasses="0" visitedMethods="1" numMethods="1" />
              <MetadataToken>100663325</MetadataToken>
              <Name>System.Collections.Generic.Stack`1&lt;WindowsFormsApplication1.Organization&gt; Laba11.WorkWithStack::DeleteIndexElement(System.Collections.Generic.Stack`1&lt;WindowsFormsApplication1.Organization&gt;,System.Int32)</Name>
              <FileRef uid="43" />
              <SequencePoints>
                <SequencePoint vc="1" uspid="1727" ordinal="0" offset="0" sl="53" sc="9" el="53" ec="10" bec="0" bev="0" fileid="43" />
                <SequencePoint vc="1" uspid="1728" ordinal="1" offset="1" sl="54" sc="13" el="54" ec="63" bec="0" bev="0" fileid="43" />
                <SequencePoint vc="1" uspid="1729" ordinal="2" offset="8" sl="55" sc="13" el="55" ec="70" bec="0" bev="0" fileid="43" />
                <SequencePoint vc="1" uspid="1730" ordinal="3" offset="14" sl="56" sc="13" el="56" ec="27" bec="0" bev="0" fileid="43" />
                <SequencePoint vc="1" uspid="1731" ordinal="4" offset="16" sl="57" sc="18" el="57" ec="50" bec="0" bev="0" fileid="43" />
                <SequencePoint vc="4" uspid="1732" ordinal="5" offset="24" sl="58" sc="13" el="58" ec="14" bec="0" bev="0" fileid="43" />
                <SequencePoint vc="4" uspid="1733" ordinal="6" offset="25" sl="59" sc="17" el="59" ec="28" bec="0" bev="0" fileid="43" />
                <SequencePoint vc="4" uspid="1734" ordinal="7" offset="29" sl="60" sc="17" el="60" ec="36" bec="2" bev="2" fileid="43" />
                <SequencePoint vc="3" uspid="1735" ordinal="8" offset="42" sl="61" sc="17" el="61" ec="18" bec="0" bev="0" fileid="43" />
                <SequencePoint vc="3" uspid="1736" ordinal="9" offset="43" sl="62" sc="21" el="62" ec="53" bec="0" bev="0" fileid="43" />
                <SequencePoint vc="3" uspid="1737" ordinal="10" offset="53" sl="63" sc="17" el="63" ec="18" bec="0" bev="0" fileid="43" />
                <SequencePoint vc="4" uspid="1738" ordinal="11" offset="54" sl="65" sc="13" el="65" ec="14" bec="0" bev="0" fileid="43" />
                <SequencePoint vc="4" uspid="1739" ordinal="12" offset="55" sl="57" sc="60" el="57" ec="63" bec="0" bev="0" fileid="43" />
                <SequencePoint vc="5" uspid="1740" ordinal="13" offset="59" sl="57" sc="52" el="57" ec="58" bec="2" bev="2" fileid="43" />
                <SequencePoint vc="1" uspid="1741" ordinal="14" offset="72" sl="66" sc="13" el="66" ec="29" bec="0" bev="0" fileid="43" />
                <SequencePoint vc="1" uspid="1742" ordinal="15" offset="77" sl="67" sc="9" el="67" ec="10" bec="0" bev="0" fileid="43" />
              </SequencePoints>
              <BranchPoints>
                <BranchPoint vc="3" uspid="1743" ordinal="0" offset="40" sl="60" path="0" offsetend="42" fileid="43" />
                <BranchPoint vc="1" uspid="1744" ordinal="1" offset="40" sl="60" path="1" offsetend="54" fileid="43" />
                <BranchPoint vc="1" uspid="1745" ordinal="2" offset="70" sl="57" path="0" offsetend="72" fileid="43" />
                <BranchPoint vc="4" uspid="1746" ordinal="3" offset="70" sl="57" path="1" offsetend="24" fileid="43" />
              </BranchPoints>
              <MethodPoint xsi:type="SequencePoint" vc="1" uspid="1727" ordinal="0" offset="0" sl="53" sc="9" el="53" ec="10" bec="0" bev="0" fileid="43" />
            </Method>
            <Method visited="true" cyclomaticComplexity="3" nPathComplexity="2" sequenceCoverage="100" branchCoverage="100" crapScore="3" isConstructor="false" isStatic="true" isGetter="false" isSetter="false">
              <Summary numSequencePoints="14" visitedSequencePoints="14" numBranchPoints="3" visitedBranchPoints="3" sequenceCoverage="100" branchCoverage="100" maxCyclomaticComplexity="3" minCyclomaticComplexity="3" maxCrapScore="3" minCrapScore="3" visitedClasses="0" numClasses="0" visitedMethods="1" numMethods="1" />
              <MetadataToken>100663326</MetadataToken>
              <Name>System.Int32 Laba11.WorkWithStack::FindCountType(System.Collections.Generic.Stack`1&lt;WindowsFormsApplication1.Organization&gt;,T)</Name>
              <FileRef uid="43" />
              <SequencePoints>
                <SequencePoint vc="2" uspid="1747" ordinal="0" offset="0" sl="69" sc="9" el="69" ec="10" bec="0" bev="0" fileid="43" />
                <SequencePoint vc="2" uspid="1748" ordinal="1" offset="1" sl="70" sc="13" el="70" ec="27" bec="0" bev="0" fileid="43" />
                <SequencePoint vc="2" uspid="1749" ordinal="2" offset="3" sl="71" sc="13" el="71" ec="20" bec="0" bev="0" fileid="43" />
                <SequencePoint vc="2" uspid="1750" ordinal="3" offset="4" sl="71" sc="40" el="71" ec="48" bec="0" bev="0" fileid="43" />
                <SequencePoint vc="6" uspid="1751" ordinal="4" offset="13" sl="71" sc="22" el="71" ec="36" bec="0" bev="0" fileid="43" />
                <SequencePoint vc="6" uspid="1752" ordinal="5" offset="21" sl="72" sc="13" el="72" ec="14" bec="0" bev="0" fileid="43" />
                <SequencePoint vc="6" uspid="1753" ordinal="6" offset="22" sl="73" sc="17" el="73" ec="51" bec="2" bev="2" fileid="43" />
                <SequencePoint vc="3" uspid="1754" ordinal="7" offset="50" sl="74" sc="17" el="74" ec="18" bec="0" bev="0" fileid="43" />
                <SequencePoint vc="3" uspid="1755" ordinal="8" offset="51" sl="75" sc="21" el="75" ec="29" bec="0" bev="0" fileid="43" />
                <SequencePoint vc="3" uspid="1756" ordinal="9" offset="55" sl="76" sc="17" el="76" ec="18" bec="0" bev="0" fileid="43" />
                <SequencePoint vc="6" uspid="1757" ordinal="10" offset="56" sl="77" sc="13" el="77" ec="14" bec="0" bev="0" fileid="43" />
                <SequencePoint vc="8" uspid="1758" ordinal="11" offset="57" sl="71" sc="37" el="71" ec="39" bec="0" bev="0" fileid="43" />
                <SequencePoint vc="2" uspid="1759" ordinal="12" offset="83" sl="78" sc="13" el="78" ec="26" bec="0" bev="0" fileid="43" />
                <SequencePoint vc="2" uspid="1760" ordinal="13" offset="88" sl="79" sc="9" el="79" ec="10" bec="0" bev="0" fileid="43" />
              </SequencePoints>
              <BranchPoints>
                <BranchPoint vc="3" uspid="1761" ordinal="0" offset="48" sl="73" path="0" offsetend="50" fileid="43" />
                <BranchPoint vc="3" uspid="1762" ordinal="1" offset="48" sl="73" path="1" offsetend="56" fileid="43" />
              </BranchPoints>
              <MethodPoint xsi:type="SequencePoint" vc="2" uspid="1747" ordinal="0" offset="0" sl="69" sc="9" el="69" ec="10" bec="0" bev="0" fileid="43" />
            </Method>
            <Method visited="true" cyclomaticComplexity="3" nPathComplexity="2" sequenceCoverage="100" branchCoverage="100" crapScore="3" isConstructor="false" isStatic="true" isGetter="false" isSetter="false">
              <Summary numSequencePoints="16" visitedSequencePoints="16" numBranchPoints="3" visitedBranchPoints="3" sequenceCoverage="100" branchCoverage="100" maxCyclomaticComplexity="3" minCyclomaticComplexity="3" maxCrapScore="3" minCrapScore="3" visitedClasses="0" numClasses="0" visitedMethods="1" numMethods="1" />
              <MetadataToken>100663327</MetadataToken>
              <Name>WindowsFormsApplication1.Organization[] Laba11.WorkWithStack::GetTypeElement(System.Collections.Generic.Stack`1&lt;WindowsFormsApplication1.Organization&gt;,T)</Name>
              <FileRef uid="43" />
              <SequencePoints>
                <SequencePoint vc="1" uspid="1765" ordinal="0" offset="0" sl="81" sc="9" el="81" ec="10" bec="0" bev="0" fileid="43" />
                <SequencePoint vc="1" uspid="1766" ordinal="1" offset="1" sl="82" sc="13" el="82" ec="87" bec="0" bev="0" fileid="43" />
                <SequencePoint vc="1" uspid="1767" ordinal="2" offset="14" sl="83" sc="13" el="83" ec="27" bec="0" bev="0" fileid="43" />
                <SequencePoint vc="1" uspid="1768" ordinal="3" offset="16" sl="84" sc="13" el="84" ec="20" bec="0" bev="0" fileid="43" />
                <SequencePoint vc="1" uspid="1769" ordinal="4" offset="17" sl="84" sc="40" el="84" ec="48" bec="0" bev="0" fileid="43" />
                <SequencePoint vc="3" uspid="1770" ordinal="5" offset="26" sl="84" sc="22" el="84" ec="36" bec="0" bev="0" fileid="43" />
                <SequencePoint vc="3" uspid="1771" ordinal="6" offset="34" sl="85" sc="13" el="85" ec="14" bec="0" bev="0" fileid="43" />
                <SequencePoint vc="3" uspid="1772" ordinal="7" offset="35" sl="86" sc="17" el="86" ec="51" bec="2" bev="2" fileid="43" />
                <SequencePoint vc="1" uspid="1773" ordinal="8" offset="65" sl="87" sc="17" el="87" ec="18" bec="0" bev="0" fileid="43" />
                <SequencePoint vc="1" uspid="1774" ordinal="9" offset="66" sl="88" sc="21" el="88" ec="41" bec="0" bev="0" fileid="43" />
                <SequencePoint vc="1" uspid="1775" ordinal="10" offset="70" sl="89" sc="21" el="89" ec="29" bec="0" bev="0" fileid="43" />
                <SequencePoint vc="1" uspid="1776" ordinal="11" offset="74" sl="90" sc="17" el="90" ec="18" bec="0" bev="0" fileid="43" />
                <SequencePoint vc="3" uspid="1777" ordinal="12" offset="75" sl="91" sc="13" el="91" ec="14" bec="0" bev="0" fileid="43" />
                <SequencePoint vc="4" uspid="1778" ordinal="13" offset="76" sl="84" sc="37" el="84" ec="39" bec="0" bev="0" fileid="43" />
                <SequencePoint vc="1" uspid="1779" ordinal="14" offset="102" sl="92" sc="13" el="92" ec="29" bec="0" bev="0" fileid="43" />
                <SequencePoint vc="1" uspid="1780" ordinal="15" offset="107" sl="93" sc="9" el="93" ec="10" bec="0" bev="0" fileid="43" />
              </SequencePoints>
              <BranchPoints>
                <BranchPoint vc="1" uspid="1781" ordinal="0" offset="63" sl="86" path="0" offsetend="65" fileid="43" />
                <BranchPoint vc="2" uspid="1782" ordinal="1" offset="63" sl="86" path="1" offsetend="75" fileid="43" />
              </BranchPoints>
              <MethodPoint xsi:type="SequencePoint" vc="1" uspid="1765" ordinal="0" offset="0" sl="81" sc="9" el="81" ec="10" bec="0" bev="0" fileid="43" />
            </Method>
            <Method visited="true" cyclomaticComplexity="2" nPathComplexity="2" sequenceCoverage="100" branchCoverage="100" crapScore="2" isConstructor="false" isStatic="true" isGetter="false" isSetter="false">
              <Summary numSequencePoints="11" visitedSequencePoints="11" numBranchPoints="3" visitedBranchPoints="3" sequenceCoverage="100" branchCoverage="100" maxCyclomaticComplexity="2" minCyclomaticComplexity="2" maxCrapScore="2" minCrapScore="2" visitedClasses="0" numClasses="0" visitedMethods="1" numMethods="1" />
              <MetadataToken>100663328</MetadataToken>
              <Name>System.Collections.Generic.Stack`1&lt;WindowsFormsApplication1.Organization&gt; Laba11.WorkWithStack::Clone(System.Collections.Generic.Stack`1&lt;WindowsFormsApplication1.Organization&gt;)</Name>
              <FileRef uid="43" />
              <SequencePoints>
                <SequencePoint vc="1" uspid="1785" ordinal="0" offset="0" sl="95" sc="9" el="95" ec="10" bec="0" bev="0" fileid="43" />
                <SequencePoint vc="1" uspid="1786" ordinal="1" offset="1" sl="96" sc="13" el="96" ec="63" bec="0" bev="0" fileid="43" />
                <SequencePoint vc="1" uspid="1787" ordinal="2" offset="8" sl="97" sc="13" el="97" ec="70" bec="0" bev="0" fileid="43" />
                <SequencePoint vc="1" uspid="1788" ordinal="3" offset="14" sl="98" sc="18" el="98" ec="50" bec="0" bev="0" fileid="43" />
                <SequencePoint vc="3" uspid="1789" ordinal="4" offset="22" sl="99" sc="13" el="99" ec="14" bec="0" bev="0" fileid="43" />
                <SequencePoint vc="3" uspid="1790" ordinal="5" offset="23" sl="100" sc="17" el="100" ec="72" bec="0" bev="0" fileid="43" />
                <SequencePoint vc="3" uspid="1791" ordinal="6" offset="43" sl="101" sc="13" el="101" ec="14" bec="0" bev="0" fileid="43" />
                <SequencePoint vc="3" uspid="1792" ordinal="7" offset="44" sl="98" sc="60" el="98" ec="63" bec="0" bev="0" fileid="43" />
                <SequencePoint vc="4" uspid="1793" ordinal="8" offset="48" sl="98" sc="52" el="98" ec="58" bec="2" bev="2" fileid="43" />
                <SequencePoint vc="1" uspid="1794" ordinal="9" offset="59" sl="102" sc="13" el="102" ec="29" bec="0" bev="0" fileid="43" />
                <SequencePoint vc="1" uspid="1795" ordinal="10" offset="64" sl="103" sc="9" el="103" ec="10" bec="0" bev="0" fileid="43" />
              </SequencePoints>
              <BranchPoints>
                <BranchPoint vc="1" uspid="1796" ordinal="0" offset="57" sl="98" path="0" offsetend="59" fileid="43" />
                <BranchPoint vc="3" uspid="1797" ordinal="1" offset="57" sl="98" path="1" offsetend="22" fileid="43" />
              </BranchPoints>
              <MethodPoint xsi:type="SequencePoint" vc="1" uspid="1785" ordinal="0" offset="0" sl="95" sc="9" el="95" ec="10" bec="0" bev="0" fileid="43" />
            </Method>
            <Method visited="true" cyclomaticComplexity="3" nPathComplexity="2" sequenceCoverage="100" branchCoverage="100" crapScore="3" isConstructor="false" isStatic="true" isGetter="false" isSetter="false">
              <Summary numSequencePoints="14" visitedSequencePoints="14" numBranchPoints="3" visitedBranchPoints="3" sequenceCoverage="100" branchCoverage="100" maxCyclomaticComplexity="3" minCyclomaticComplexity="3" maxCrapScore="3" minCrapScore="3" visitedClasses="0" numClasses="0" visitedMethods="1" numMethods="1" />
              <MetadataToken>100663329</MetadataToken>
              <Name>System.Collections.Generic.Stack`1&lt;WindowsFormsApplication1.Organization&gt; Laba11.WorkWithStack::FindElement(WindowsFormsApplication1.Organization,System.Collections.Generic.Stack`1&lt;WindowsFormsApplication1.Organization&gt;)</Name>
              <FileRef uid="43" />
              <SequencePoints>
                <SequencePoint vc="1" uspid="1798" ordinal="0" offset="0" sl="105" sc="9" el="105" ec="10" bec="0" bev="0" fileid="43" />
                <SequencePoint vc="1" uspid="1799" ordinal="1" offset="1" sl="106" sc="13" el="106" ec="75" bec="0" bev="0" fileid="43" />
                <SequencePoint vc="1" uspid="1800" ordinal="2" offset="7" sl="107" sc="13" el="107" ec="20" bec="0" bev="0" fileid="43" />
                <SequencePoint vc="1" uspid="1801" ordinal="3" offset="8" sl="107" sc="52" el="107" ec="60" bec="0" bev="0" fileid="43" />
                <SequencePoint vc="3" uspid="1802" ordinal="4" offset="17" sl="107" sc="22" el="107" ec="48" bec="0" bev="0" fileid="43" />
                <SequencePoint vc="3" uspid="1803" ordinal="5" offset="25" sl="108" sc="13" el="108" ec="14" bec="0" bev="0" fileid="43" />
                <SequencePoint vc="3" uspid="1804" ordinal="6" offset="26" sl="109" sc="17" el="109" ec="56" bec="2" bev="2" fileid="43" />
                <SequencePoint vc="1" uspid="1805" ordinal="7" offset="37" sl="110" sc="17" el="110" ec="18" bec="0" bev="0" fileid="43" />
                <SequencePoint vc="1" uspid="1806" ordinal="8" offset="38" sl="111" sc="21" el="111" ec="55" bec="0" bev="0" fileid="43" />
                <SequencePoint vc="1" uspid="1807" ordinal="9" offset="46" sl="112" sc="17" el="112" ec="18" bec="0" bev="0" fileid="43" />
                <SequencePoint vc="3" uspid="1808" ordinal="10" offset="47" sl="113" sc="13" el="113" ec="14" bec="0" bev="0" fileid="43" />
                <SequencePoint vc="4" uspid="1809" ordinal="11" offset="48" sl="107" sc="49" el="107" ec="51" bec="0" bev="0" fileid="43" />
                <SequencePoint vc="1" uspid="1810" ordinal="12" offset="74" sl="114" sc="13" el="114" ec="34" bec="0" bev="0" fileid="43" />
                <SequencePoint vc="1" uspid="1811" ordinal="13" offset="79" sl="116" sc="9" el="116" ec="10" bec="0" bev="0" fileid="43" />
              </SequencePoints>
              <BranchPoints>
                <BranchPoint vc="1" uspid="1812" ordinal="0" offset="35" sl="109" path="0" offsetend="37" fileid="43" />
                <BranchPoint vc="2" uspid="1813" ordinal="1" offset="35" sl="109" path="1" offsetend="47" fileid="43" />
              </BranchPoints>
              <MethodPoint xsi:type="SequencePoint" vc="1" uspid="1798" ordinal="0" offset="0" sl="105" sc="9" el="105" ec="10" bec="0" bev="0" fileid="43" />
            </Method>
          </Methods>
        </Class>
      </Classes>
    </Module>
  </Modules>
</CoverageSession>